{"G:\\UshaSree Project 1.0\\App Code\\frontend\\src\\App.js": {"path":"G:\\UshaSree Project 1.0\\App Code\\frontend\\src\\App.js","statementMap":{"0":{"start":{"line":18,"column":19},"end":{"line":18,"column":32}},"1":{"start":{"line":19,"column":19},"end":{"line":19,"column":32}},"2":{"start":{"line":21,"column":2},"end":{"line":29,"column":27}},"3":{"start":{"line":22,"column":22},"end":{"line":22,"column":57}},"4":{"start":{"line":23,"column":4},"end":{"line":28,"column":5}},"5":{"start":{"line":25,"column":6},"end":{"line":25,"column":95}},"6":{"start":{"line":25,"column":65},"end":{"line":25,"column":93}},"7":{"start":{"line":26,"column":6},"end":{"line":26,"column":53}},"8":{"start":{"line":27,"column":6},"end":{"line":27,"column":44}},"9":{"start":{"line":31,"column":2},"end":{"line":31,"column":18}},"10":{"start":{"line":35,"column":30},"end":{"line":35,"column":42}},"11":{"start":{"line":37,"column":2},"end":{"line":57,"column":4}}},"fnMap":{"0":{"name":"ExpiryGuard","decl":{"start":{"line":17,"column":9},"end":{"line":17,"column":20}},"loc":{"start":{"line":17,"column":35},"end":{"line":32,"column":1}},"line":17},"1":{"name":"(anonymous_1)","decl":{"start":{"line":21,"column":12},"end":{"line":21,"column":13}},"loc":{"start":{"line":21,"column":18},"end":{"line":29,"column":3}},"line":21},"2":{"name":"(anonymous_2)","decl":{"start":{"line":25,"column":60},"end":{"line":25,"column":61}},"loc":{"start":{"line":25,"column":65},"end":{"line":25,"column":93}},"line":25},"3":{"name":"App","decl":{"start":{"line":34,"column":9},"end":{"line":34,"column":12}},"loc":{"start":{"line":34,"column":15},"end":{"line":58,"column":1}},"line":34}},"branchMap":{"0":{"loc":{"start":{"line":23,"column":4},"end":{"line":28,"column":5}},"type":"if","locations":[{"start":{"line":23,"column":4},"end":{"line":28,"column":5}},{"start":{},"end":{}}],"line":23},"1":{"loc":{"start":{"line":23,"column":8},"end":{"line":23,"column":57}},"type":"binary-expr","locations":[{"start":{"line":23,"column":8},"end":{"line":23,"column":17}},{"start":{"line":23,"column":21},"end":{"line":23,"column":57}}],"line":23}},"s":{"0":0,"1":0,"2":0,"3":0,"4":0,"5":0,"6":0,"7":0,"8":0,"9":0,"10":0,"11":0},"f":{"0":0,"1":0,"2":0,"3":0},"b":{"0":[0,0],"1":[0,0]}}
,"G:\\UshaSree Project 1.0\\App Code\\frontend\\src\\index.js": {"path":"G:\\UshaSree Project 1.0\\App Code\\frontend\\src\\index.js","statementMap":{"0":{"start":{"line":6,"column":13},"end":{"line":6,"column":65}},"1":{"start":{"line":7,"column":0},"end":{"line":7,"column":21}}},"fnMap":{},"branchMap":{},"s":{"0":0,"1":0},"f":{},"b":{}}
,"G:\\UshaSree Project 1.0\\App Code\\frontend\\src\\components\\CartItem.js": {"path":"G:\\UshaSree Project 1.0\\App Code\\frontend\\src\\components\\CartItem.js","statementMap":{"0":{"start":{"line":4,"column":2},"end":{"line":18,"column":4}},"1":{"start":{"line":12,"column":31},"end":{"line":12,"column":67}},"2":{"start":{"line":14,"column":31},"end":{"line":14,"column":67}},"3":{"start":{"line":15,"column":31},"end":{"line":15,"column":45}}},"fnMap":{"0":{"name":"CartItem","decl":{"start":{"line":3,"column":9},"end":{"line":3,"column":17}},"loc":{"start":{"line":3,"column":51},"end":{"line":19,"column":1}},"line":3},"1":{"name":"(anonymous_1)","decl":{"start":{"line":12,"column":25},"end":{"line":12,"column":26}},"loc":{"start":{"line":12,"column":31},"end":{"line":12,"column":67}},"line":12},"2":{"name":"(anonymous_2)","decl":{"start":{"line":14,"column":25},"end":{"line":14,"column":26}},"loc":{"start":{"line":14,"column":31},"end":{"line":14,"column":67}},"line":14},"3":{"name":"(anonymous_3)","decl":{"start":{"line":15,"column":25},"end":{"line":15,"column":26}},"loc":{"start":{"line":15,"column":31},"end":{"line":15,"column":45}},"line":15}},"branchMap":{},"s":{"0":0,"1":0,"2":0,"3":0},"f":{"0":0,"1":0,"2":0,"3":0},"b":{}}
,"G:\\UshaSree Project 1.0\\App Code\\frontend\\src\\components\\Header.js": {"path":"G:\\UshaSree Project 1.0\\App Code\\frontend\\src\\components\\Header.js","statementMap":{"0":{"start":{"line":5,"column":2},"end":{"line":5,"column":96}},"1":{"start":{"line":9,"column":19},"end":{"line":9,"column":32}},"2":{"start":{"line":10,"column":21},"end":{"line":10,"column":54}},"3":{"start":{"line":11,"column":19},"end":{"line":11,"column":63}},"4":{"start":{"line":12,"column":18},"end":{"line":12,"column":51}},"5":{"start":{"line":13,"column":36},"end":{"line":13,"column":47}},"6":{"start":{"line":16,"column":2},"end":{"line":30,"column":9}},"7":{"start":{"line":17,"column":28},"end":{"line":22,"column":5}},"8":{"start":{"line":18,"column":19},"end":{"line":18,"column":67}},"9":{"start":{"line":20,"column":20},"end":{"line":20,"column":77}},"10":{"start":{"line":20,"column":47},"end":{"line":20,"column":73}},"11":{"start":{"line":21,"column":6},"end":{"line":21,"column":26}},"12":{"start":{"line":23,"column":4},"end":{"line":23,"column":22}},"13":{"start":{"line":24,"column":4},"end":{"line":24,"column":56}},"14":{"start":{"line":25,"column":4},"end":{"line":25,"column":61}},"15":{"start":{"line":26,"column":4},"end":{"line":29,"column":6}},"16":{"start":{"line":27,"column":6},"end":{"line":27,"column":61}},"17":{"start":{"line":28,"column":6},"end":{"line":28,"column":66}},"18":{"start":{"line":32,"column":23},"end":{"line":51,"column":3}},"19":{"start":{"line":34,"column":4},"end":{"line":34,"column":39}},"20":{"start":{"line":35,"column":4},"end":{"line":35,"column":42}},"21":{"start":{"line":36,"column":4},"end":{"line":36,"column":41}},"22":{"start":{"line":37,"column":4},"end":{"line":37,"column":43}},"23":{"start":{"line":40,"column":4},"end":{"line":42,"column":5}},"24":{"start":{"line":41,"column":6},"end":{"line":41,"column":54}},"25":{"start":{"line":44,"column":4},"end":{"line":44,"column":55}},"26":{"start":{"line":45,"column":4},"end":{"line":45,"column":54}},"27":{"start":{"line":46,"column":4},"end":{"line":46,"column":44}},"28":{"start":{"line":48,"column":4},"end":{"line":48,"column":36}},"29":{"start":{"line":50,"column":4},"end":{"line":50,"column":36}},"30":{"start":{"line":53,"column":2},"end":{"line":116,"column":4}}},"fnMap":{"0":{"name":"Header","decl":{"start":{"line":8,"column":9},"end":{"line":8,"column":15}},"loc":{"start":{"line":8,"column":18},"end":{"line":117,"column":1}},"line":8},"1":{"name":"(anonymous_1)","decl":{"start":{"line":16,"column":12},"end":{"line":16,"column":13}},"loc":{"start":{"line":16,"column":18},"end":{"line":30,"column":3}},"line":16},"2":{"name":"(anonymous_2)","decl":{"start":{"line":17,"column":28},"end":{"line":17,"column":29}},"loc":{"start":{"line":17,"column":34},"end":{"line":22,"column":5}},"line":17},"3":{"name":"(anonymous_3)","decl":{"start":{"line":20,"column":32},"end":{"line":20,"column":33}},"loc":{"start":{"line":20,"column":47},"end":{"line":20,"column":73}},"line":20},"4":{"name":"(anonymous_4)","decl":{"start":{"line":26,"column":11},"end":{"line":26,"column":12}},"loc":{"start":{"line":26,"column":17},"end":{"line":29,"column":5}},"line":26},"5":{"name":"(anonymous_5)","decl":{"start":{"line":32,"column":23},"end":{"line":32,"column":24}},"loc":{"start":{"line":32,"column":29},"end":{"line":51,"column":3}},"line":32}},"branchMap":{"0":{"loc":{"start":{"line":11,"column":19},"end":{"line":11,"column":63}},"type":"binary-expr","locations":[{"start":{"line":11,"column":19},"end":{"line":11,"column":53}},{"start":{"line":11,"column":57},"end":{"line":11,"column":63}}],"line":11},"1":{"loc":{"start":{"line":18,"column":30},"end":{"line":18,"column":66}},"type":"binary-expr","locations":[{"start":{"line":18,"column":30},"end":{"line":18,"column":58}},{"start":{"line":18,"column":62},"end":{"line":18,"column":66}}],"line":18},"2":{"loc":{"start":{"line":20,"column":54},"end":{"line":20,"column":72}},"type":"binary-expr","locations":[{"start":{"line":20,"column":54},"end":{"line":20,"column":67}},{"start":{"line":20,"column":71},"end":{"line":20,"column":72}}],"line":20},"3":{"loc":{"start":{"line":40,"column":4},"end":{"line":42,"column":5}},"type":"if","locations":[{"start":{"line":40,"column":4},"end":{"line":42,"column":5}},{"start":{},"end":{}}],"line":40},"4":{"loc":{"start":{"line":69,"column":11},"end":{"line":89,"column":11}},"type":"binary-expr","locations":[{"start":{"line":69,"column":11},"end":{"line":69,"column":24}},{"start":{"line":70,"column":12},"end":{"line":88,"column":19}}],"line":69},"5":{"loc":{"start":{"line":91,"column":9},"end":{"line":113,"column":9}},"type":"cond-expr","locations":[{"start":{"line":92,"column":10},"end":{"line":107,"column":13}},{"start":{"line":109,"column":10},"end":{"line":112,"column":13}}],"line":91}},"s":{"0":0,"1":0,"2":0,"3":0,"4":0,"5":0,"6":0,"7":0,"8":0,"9":0,"10":0,"11":0,"12":0,"13":0,"14":0,"15":0,"16":0,"17":0,"18":0,"19":0,"20":0,"21":0,"22":0,"23":0,"24":0,"25":0,"26":0,"27":0,"28":0,"29":0,"30":0},"f":{"0":0,"1":0,"2":0,"3":0,"4":0,"5":0},"b":{"0":[0,0],"1":[0,0],"2":[0,0],"3":[0,0],"4":[0,0],"5":[0,0]}}
,"G:\\UshaSree Project 1.0\\App Code\\frontend\\src\\components\\ProductCard.js": {"path":"G:\\UshaSree Project 1.0\\App Code\\frontend\\src\\components\\ProductCard.js","statementMap":{"0":{"start":{"line":5,"column":28},"end":{"line":5,"column":43}},"1":{"start":{"line":7,"column":20},"end":{"line":11,"column":3}},"2":{"start":{"line":8,"column":4},"end":{"line":8,"column":25}},"3":{"start":{"line":9,"column":4},"end":{"line":9,"column":19}},"4":{"start":{"line":10,"column":4},"end":{"line":10,"column":44}},"5":{"start":{"line":10,"column":21},"end":{"line":10,"column":36}},"6":{"start":{"line":13,"column":2},"end":{"line":29,"column":4}}},"fnMap":{"0":{"name":"ProductCard","decl":{"start":{"line":4,"column":9},"end":{"line":4,"column":20}},"loc":{"start":{"line":4,"column":47},"end":{"line":30,"column":1}},"line":4},"1":{"name":"(anonymous_1)","decl":{"start":{"line":7,"column":20},"end":{"line":7,"column":21}},"loc":{"start":{"line":7,"column":26},"end":{"line":11,"column":3}},"line":7},"2":{"name":"(anonymous_2)","decl":{"start":{"line":10,"column":15},"end":{"line":10,"column":16}},"loc":{"start":{"line":10,"column":21},"end":{"line":10,"column":36}},"line":10}},"branchMap":{"0":{"loc":{"start":{"line":23,"column":7},"end":{"line":27,"column":7}},"type":"binary-expr","locations":[{"start":{"line":23,"column":7},"end":{"line":23,"column":12}},{"start":{"line":24,"column":8},"end":{"line":26,"column":14}}],"line":23}},"s":{"0":0,"1":0,"2":0,"3":0,"4":0,"5":0,"6":0},"f":{"0":0,"1":0,"2":0},"b":{"0":[0,0]}}
,"G:\\UshaSree Project 1.0\\App Code\\frontend\\src\\components\\ProtectedRoute.js": {"path":"G:\\UshaSree Project 1.0\\App Code\\frontend\\src\\components\\ProtectedRoute.js","statementMap":{"0":{"start":{"line":6,"column":21},"end":{"line":6,"column":54}},"1":{"start":{"line":7,"column":2},"end":{"line":7,"column":58}}},"fnMap":{"0":{"name":"ProtectedRoute","decl":{"start":{"line":4,"column":9},"end":{"line":4,"column":23}},"loc":{"start":{"line":4,"column":38},"end":{"line":8,"column":1}},"line":4}},"branchMap":{"0":{"loc":{"start":{"line":7,"column":9},"end":{"line":7,"column":57}},"type":"cond-expr","locations":[{"start":{"line":7,"column":22},"end":{"line":7,"column":30}},{"start":{"line":7,"column":33},"end":{"line":7,"column":57}}],"line":7}},"s":{"0":0,"1":0},"f":{"0":0},"b":{"0":[0,0]}}
,"G:\\UshaSree Project 1.0\\App Code\\frontend\\src\\pages\\Cart.js": {"path":"G:\\UshaSree Project 1.0\\App Code\\frontend\\src\\pages\\Cart.js","statementMap":{"0":{"start":{"line":6,"column":17},"end":{"line":6,"column":51}},"1":{"start":{"line":9,"column":26},"end":{"line":9,"column":84}},"2":{"start":{"line":10,"column":30},"end":{"line":10,"column":42}},"3":{"start":{"line":11,"column":19},"end":{"line":11,"column":32}},"4":{"start":{"line":14,"column":2},"end":{"line":27,"column":13}},"5":{"start":{"line":15,"column":20},"end":{"line":15,"column":53}},"6":{"start":{"line":16,"column":4},"end":{"line":26,"column":5}},"7":{"start":{"line":17,"column":20},"end":{"line":17,"column":83}},"8":{"start":{"line":17,"column":47},"end":{"line":17,"column":79}},"9":{"start":{"line":18,"column":6},"end":{"line":23,"column":36}},"10":{"start":{"line":22,"column":21},"end":{"line":22,"column":40}},"11":{"start":{"line":23,"column":21},"end":{"line":23,"column":34}},"12":{"start":{"line":25,"column":6},"end":{"line":25,"column":20}},"13":{"start":{"line":29,"column":26},"end":{"line":35,"column":3}},"14":{"start":{"line":30,"column":4},"end":{"line":30,"column":24}},"15":{"start":{"line":30,"column":17},"end":{"line":30,"column":24}},"16":{"start":{"line":31,"column":24},"end":{"line":31,"column":89}},"17":{"start":{"line":31,"column":41},"end":{"line":31,"column":87}},"18":{"start":{"line":32,"column":4},"end":{"line":32,"column":25}},"19":{"start":{"line":33,"column":4},"end":{"line":33,"column":62}},"20":{"start":{"line":34,"column":4},"end":{"line":34,"column":52}},"21":{"start":{"line":37,"column":23},"end":{"line":42,"column":3}},"22":{"start":{"line":38,"column":24},"end":{"line":38,"column":60}},"23":{"start":{"line":38,"column":43},"end":{"line":38,"column":59}},"24":{"start":{"line":39,"column":4},"end":{"line":39,"column":25}},"25":{"start":{"line":40,"column":4},"end":{"line":40,"column":62}},"26":{"start":{"line":41,"column":4},"end":{"line":41,"column":52}},"27":{"start":{"line":44,"column":16},"end":{"line":44,"column":79}},"28":{"start":{"line":44,"column":43},"end":{"line":44,"column":75}},"29":{"start":{"line":46,"column":2},"end":{"line":46,"column":85}},"30":{"start":{"line":46,"column":25},"end":{"line":46,"column":85}},"31":{"start":{"line":48,"column":2},"end":{"line":93,"column":4}},"32":{"start":{"line":52,"column":10},"end":{"line":57,"column":12}},"33":{"start":{"line":75,"column":16},"end":{"line":75,"column":54}},"34":{"start":{"line":85,"column":12},"end":{"line":85,"column":71}},"35":{"start":{"line":86,"column":12},"end":{"line":86,"column":34}}},"fnMap":{"0":{"name":"Cart","decl":{"start":{"line":8,"column":9},"end":{"line":8,"column":13}},"loc":{"start":{"line":8,"column":16},"end":{"line":94,"column":1}},"line":8},"1":{"name":"(anonymous_1)","decl":{"start":{"line":14,"column":12},"end":{"line":14,"column":13}},"loc":{"start":{"line":14,"column":18},"end":{"line":27,"column":3}},"line":14},"2":{"name":"(anonymous_2)","decl":{"start":{"line":17,"column":32},"end":{"line":17,"column":33}},"loc":{"start":{"line":17,"column":47},"end":{"line":17,"column":79}},"line":17},"3":{"name":"(anonymous_3)","decl":{"start":{"line":22,"column":14},"end":{"line":22,"column":15}},"loc":{"start":{"line":22,"column":21},"end":{"line":22,"column":40}},"line":22},"4":{"name":"(anonymous_4)","decl":{"start":{"line":23,"column":15},"end":{"line":23,"column":16}},"loc":{"start":{"line":23,"column":21},"end":{"line":23,"column":34}},"line":23},"5":{"name":"(anonymous_5)","decl":{"start":{"line":29,"column":26},"end":{"line":29,"column":27}},"loc":{"start":{"line":29,"column":41},"end":{"line":35,"column":3}},"line":29},"6":{"name":"(anonymous_6)","decl":{"start":{"line":31,"column":33},"end":{"line":31,"column":34}},"loc":{"start":{"line":31,"column":41},"end":{"line":31,"column":87}},"line":31},"7":{"name":"(anonymous_7)","decl":{"start":{"line":37,"column":23},"end":{"line":37,"column":24}},"loc":{"start":{"line":37,"column":33},"end":{"line":42,"column":3}},"line":37},"8":{"name":"(anonymous_8)","decl":{"start":{"line":38,"column":36},"end":{"line":38,"column":37}},"loc":{"start":{"line":38,"column":43},"end":{"line":38,"column":59}},"line":38},"9":{"name":"(anonymous_9)","decl":{"start":{"line":44,"column":28},"end":{"line":44,"column":29}},"loc":{"start":{"line":44,"column":43},"end":{"line":44,"column":75}},"line":44},"10":{"name":"(anonymous_10)","decl":{"start":{"line":51,"column":18},"end":{"line":51,"column":19}},"loc":{"start":{"line":52,"column":10},"end":{"line":57,"column":12}},"line":52},"11":{"name":"(anonymous_11)","decl":{"start":{"line":74,"column":26},"end":{"line":74,"column":27}},"loc":{"start":{"line":75,"column":16},"end":{"line":75,"column":54}},"line":75},"12":{"name":"(anonymous_12)","decl":{"start":{"line":84,"column":19},"end":{"line":84,"column":20}},"loc":{"start":{"line":84,"column":25},"end":{"line":87,"column":11}},"line":84}},"branchMap":{"0":{"loc":{"start":{"line":9,"column":46},"end":{"line":9,"column":82}},"type":"binary-expr","locations":[{"start":{"line":9,"column":46},"end":{"line":9,"column":74}},{"start":{"line":9,"column":78},"end":{"line":9,"column":82}}],"line":9},"1":{"loc":{"start":{"line":16,"column":4},"end":{"line":26,"column":5}},"type":"if","locations":[{"start":{"line":16,"column":4},"end":{"line":26,"column":5}},{"start":{"line":24,"column":11},"end":{"line":26,"column":5}}],"line":16},"2":{"loc":{"start":{"line":16,"column":8},"end":{"line":16,"column":30}},"type":"binary-expr","locations":[{"start":{"line":16,"column":8},"end":{"line":16,"column":19}},{"start":{"line":16,"column":23},"end":{"line":16,"column":30}}],"line":16},"3":{"loc":{"start":{"line":30,"column":4},"end":{"line":30,"column":24}},"type":"if","locations":[{"start":{"line":30,"column":4},"end":{"line":30,"column":24}},{"start":{},"end":{}}],"line":30},"4":{"loc":{"start":{"line":31,"column":41},"end":{"line":31,"column":87}},"type":"cond-expr","locations":[{"start":{"line":31,"column":60},"end":{"line":31,"column":83}},{"start":{"line":31,"column":86},"end":{"line":31,"column":87}}],"line":31},"5":{"loc":{"start":{"line":46,"column":2},"end":{"line":46,"column":85}},"type":"if","locations":[{"start":{"line":46,"column":2},"end":{"line":46,"column":85}},{"start":{},"end":{}}],"line":46},"6":{"loc":{"start":{"line":62,"column":9},"end":{"line":79,"column":9}},"type":"binary-expr","locations":[{"start":{"line":62,"column":9},"end":{"line":62,"column":26}},{"start":{"line":63,"column":10},"end":{"line":78,"column":16}}],"line":62}},"s":{"0":0,"1":0,"2":0,"3":0,"4":0,"5":0,"6":0,"7":0,"8":0,"9":0,"10":0,"11":0,"12":0,"13":0,"14":0,"15":0,"16":0,"17":0,"18":0,"19":0,"20":0,"21":0,"22":0,"23":0,"24":0,"25":0,"26":0,"27":0,"28":0,"29":0,"30":0,"31":0,"32":0,"33":0,"34":0,"35":0},"f":{"0":0,"1":0,"2":0,"3":0,"4":0,"5":0,"6":0,"7":0,"8":0,"9":0,"10":0,"11":0,"12":0},"b":{"0":[0,0],"1":[0,0],"2":[0,0],"3":[0,0],"4":[0,0],"5":[0,0],"6":[0,0]}}
,"G:\\UshaSree Project 1.0\\App Code\\frontend\\src\\pages\\Checkout.js": {"path":"G:\\UshaSree Project 1.0\\App Code\\frontend\\src\\pages\\Checkout.js","statementMap":{"0":{"start":{"line":5,"column":17},"end":{"line":5,"column":51}},"1":{"start":{"line":8,"column":18},"end":{"line":8,"column":51}},"2":{"start":{"line":9,"column":21},"end":{"line":9,"column":67}},"3":{"start":{"line":11,"column":26},"end":{"line":11,"column":38}},"4":{"start":{"line":12,"column":30},"end":{"line":12,"column":42}},"5":{"start":{"line":13,"column":30},"end":{"line":13,"column":42}},"6":{"start":{"line":14,"column":42},"end":{"line":14,"column":54}},"7":{"start":{"line":15,"column":36},"end":{"line":17,"column":3}},"8":{"start":{"line":16,"column":4},"end":{"line":16,"column":56}},"9":{"start":{"line":18,"column":48},"end":{"line":18,"column":59}},"10":{"start":{"line":19,"column":46},"end":{"line":19,"column":78}},"11":{"start":{"line":20,"column":26},"end":{"line":25,"column":4}},"12":{"start":{"line":26,"column":24},"end":{"line":26,"column":36}},"13":{"start":{"line":27,"column":19},"end":{"line":27,"column":32}},"14":{"start":{"line":29,"column":2},"end":{"line":31,"column":9}},"15":{"start":{"line":30,"column":4},"end":{"line":30,"column":70}},"16":{"start":{"line":34,"column":2},"end":{"line":38,"column":16}},"17":{"start":{"line":35,"column":4},"end":{"line":35,"column":71}},"18":{"start":{"line":36,"column":4},"end":{"line":36,"column":26}},"19":{"start":{"line":37,"column":4},"end":{"line":37,"column":29}},"20":{"start":{"line":41,"column":2},"end":{"line":57,"column":22}},"21":{"start":{"line":42,"column":4},"end":{"line":56,"column":5}},"22":{"start":{"line":43,"column":20},"end":{"line":43,"column":83}},"23":{"start":{"line":43,"column":47},"end":{"line":43,"column":79}},"24":{"start":{"line":44,"column":6},"end":{"line":53,"column":36}},"25":{"start":{"line":52,"column":21},"end":{"line":52,"column":40}},"26":{"start":{"line":53,"column":21},"end":{"line":53,"column":34}},"27":{"start":{"line":55,"column":6},"end":{"line":55,"column":20}},"28":{"start":{"line":59,"column":16},"end":{"line":59,"column":79}},"29":{"start":{"line":59,"column":43},"end":{"line":59,"column":75}},"30":{"start":{"line":62,"column":24},"end":{"line":62,"column":61}},"31":{"start":{"line":62,"column":33},"end":{"line":62,"column":61}},"32":{"start":{"line":63,"column":24},"end":{"line":63,"column":62}},"33":{"start":{"line":63,"column":33},"end":{"line":63,"column":62}},"34":{"start":{"line":64,"column":30},"end":{"line":65,"column":85}},"35":{"start":{"line":65,"column":4},"end":{"line":65,"column":85}},"36":{"start":{"line":68,"column":31},"end":{"line":85,"column":3}},"37":{"start":{"line":69,"column":4},"end":{"line":69,"column":37}},"38":{"start":{"line":70,"column":4},"end":{"line":84,"column":9}},"39":{"start":{"line":78,"column":8},"end":{"line":78,"column":77}},"40":{"start":{"line":79,"column":8},"end":{"line":79,"column":55}},"41":{"start":{"line":82,"column":8},"end":{"line":82,"column":60}},"42":{"start":{"line":83,"column":8},"end":{"line":83,"column":50}},"43":{"start":{"line":88,"column":28},"end":{"line":102,"column":3}},"44":{"start":{"line":89,"column":4},"end":{"line":90,"column":47}},"45":{"start":{"line":90,"column":6},"end":{"line":90,"column":47}},"46":{"start":{"line":91,"column":4},"end":{"line":92,"column":67}},"47":{"start":{"line":92,"column":6},"end":{"line":92,"column":67}},"48":{"start":{"line":93,"column":4},"end":{"line":94,"column":59}},"49":{"start":{"line":94,"column":6},"end":{"line":94,"column":59}},"50":{"start":{"line":95,"column":25},"end":{"line":95,"column":52}},"51":{"start":{"line":96,"column":4},"end":{"line":96,"column":31}},"52":{"start":{"line":97,"column":4},"end":{"line":97,"column":67}},"53":{"start":{"line":98,"column":4},"end":{"line":98,"column":48}},"54":{"start":{"line":99,"column":4},"end":{"line":99,"column":29}},"55":{"start":{"line":100,"column":4},"end":{"line":100,"column":61}},"56":{"start":{"line":101,"column":4},"end":{"line":101,"column":15}},"57":{"start":{"line":104,"column":23},"end":{"line":125,"column":3}},"58":{"start":{"line":105,"column":4},"end":{"line":108,"column":5}},"59":{"start":{"line":106,"column":6},"end":{"line":106,"column":39}},"60":{"start":{"line":107,"column":6},"end":{"line":107,"column":13}},"61":{"start":{"line":109,"column":17},"end":{"line":109,"column":43}},"62":{"start":{"line":110,"column":4},"end":{"line":113,"column":5}},"63":{"start":{"line":111,"column":6},"end":{"line":111,"column":50}},"64":{"start":{"line":112,"column":6},"end":{"line":112,"column":13}},"65":{"start":{"line":114,"column":4},"end":{"line":117,"column":5}},"66":{"start":{"line":115,"column":6},"end":{"line":115,"column":60}},"67":{"start":{"line":116,"column":6},"end":{"line":116,"column":13}},"68":{"start":{"line":118,"column":4},"end":{"line":121,"column":5}},"69":{"start":{"line":119,"column":6},"end":{"line":119,"column":52}},"70":{"start":{"line":120,"column":6},"end":{"line":120,"column":13}},"71":{"start":{"line":122,"column":4},"end":{"line":122,"column":74}},"72":{"start":{"line":123,"column":4},"end":{"line":123,"column":65}},"73":{"start":{"line":124,"column":4},"end":{"line":124,"column":25}},"74":{"start":{"line":127,"column":2},"end":{"line":128,"column":67}},"75":{"start":{"line":128,"column":4},"end":{"line":128,"column":67}},"76":{"start":{"line":130,"column":2},"end":{"line":257,"column":4}},"77":{"start":{"line":136,"column":10},"end":{"line":138,"column":15}},"78":{"start":{"line":148,"column":14},"end":{"line":148,"column":52}},"79":{"start":{"line":160,"column":25},"end":{"line":160,"column":50}},"80":{"start":{"line":172,"column":12},"end":{"line":191,"column":18}},"81":{"start":{"line":181,"column":29},"end":{"line":181,"column":52}},"82":{"start":{"line":186,"column":32},"end":{"line":186,"column":55}},"83":{"start":{"line":193,"column":47},"end":{"line":193,"column":70}},"84":{"start":{"line":205,"column":27},"end":{"line":205,"column":69}},"85":{"start":{"line":213,"column":27},"end":{"line":213,"column":70}},"86":{"start":{"line":221,"column":27},"end":{"line":221,"column":70}},"87":{"start":{"line":228,"column":27},"end":{"line":228,"column":72}},"88":{"start":{"line":238,"column":77},"end":{"line":238,"column":102}},"89":{"start":{"line":238,"column":103},"end":{"line":238,"column":114}}},"fnMap":{"0":{"name":"Checkout","decl":{"start":{"line":7,"column":9},"end":{"line":7,"column":17}},"loc":{"start":{"line":7,"column":20},"end":{"line":258,"column":1}},"line":7},"1":{"name":"(anonymous_1)","decl":{"start":{"line":15,"column":45},"end":{"line":15,"column":46}},"loc":{"start":{"line":16,"column":4},"end":{"line":16,"column":56}},"line":16},"2":{"name":"(anonymous_2)","decl":{"start":{"line":29,"column":12},"end":{"line":29,"column":13}},"loc":{"start":{"line":29,"column":18},"end":{"line":31,"column":3}},"line":29},"3":{"name":"(anonymous_3)","decl":{"start":{"line":34,"column":12},"end":{"line":34,"column":13}},"loc":{"start":{"line":34,"column":18},"end":{"line":38,"column":3}},"line":34},"4":{"name":"(anonymous_4)","decl":{"start":{"line":41,"column":12},"end":{"line":41,"column":13}},"loc":{"start":{"line":41,"column":18},"end":{"line":57,"column":3}},"line":41},"5":{"name":"(anonymous_5)","decl":{"start":{"line":43,"column":32},"end":{"line":43,"column":33}},"loc":{"start":{"line":43,"column":47},"end":{"line":43,"column":79}},"line":43},"6":{"name":"(anonymous_6)","decl":{"start":{"line":52,"column":14},"end":{"line":52,"column":15}},"loc":{"start":{"line":52,"column":21},"end":{"line":52,"column":40}},"line":52},"7":{"name":"(anonymous_7)","decl":{"start":{"line":53,"column":15},"end":{"line":53,"column":16}},"loc":{"start":{"line":53,"column":21},"end":{"line":53,"column":34}},"line":53},"8":{"name":"(anonymous_8)","decl":{"start":{"line":59,"column":28},"end":{"line":59,"column":29}},"loc":{"start":{"line":59,"column":43},"end":{"line":59,"column":75}},"line":59},"9":{"name":"(anonymous_9)","decl":{"start":{"line":62,"column":24},"end":{"line":62,"column":25}},"loc":{"start":{"line":62,"column":33},"end":{"line":62,"column":61}},"line":62},"10":{"name":"(anonymous_10)","decl":{"start":{"line":63,"column":24},"end":{"line":63,"column":25}},"loc":{"start":{"line":63,"column":33},"end":{"line":63,"column":62}},"line":63},"11":{"name":"(anonymous_11)","decl":{"start":{"line":64,"column":30},"end":{"line":64,"column":31}},"loc":{"start":{"line":65,"column":4},"end":{"line":65,"column":85}},"line":65},"12":{"name":"(anonymous_12)","decl":{"start":{"line":68,"column":31},"end":{"line":68,"column":32}},"loc":{"start":{"line":68,"column":37},"end":{"line":85,"column":3}},"line":68},"13":{"name":"(anonymous_13)","decl":{"start":{"line":77,"column":12},"end":{"line":77,"column":13}},"loc":{"start":{"line":77,"column":19},"end":{"line":80,"column":7}},"line":77},"14":{"name":"(anonymous_14)","decl":{"start":{"line":81,"column":13},"end":{"line":81,"column":14}},"loc":{"start":{"line":81,"column":19},"end":{"line":84,"column":7}},"line":81},"15":{"name":"(anonymous_15)","decl":{"start":{"line":88,"column":28},"end":{"line":88,"column":29}},"loc":{"start":{"line":88,"column":34},"end":{"line":102,"column":3}},"line":88},"16":{"name":"(anonymous_16)","decl":{"start":{"line":104,"column":23},"end":{"line":104,"column":24}},"loc":{"start":{"line":104,"column":29},"end":{"line":125,"column":3}},"line":104},"17":{"name":"(anonymous_17)","decl":{"start":{"line":135,"column":18},"end":{"line":135,"column":19}},"loc":{"start":{"line":136,"column":10},"end":{"line":138,"column":15}},"line":136},"18":{"name":"(anonymous_18)","decl":{"start":{"line":147,"column":24},"end":{"line":147,"column":25}},"loc":{"start":{"line":148,"column":14},"end":{"line":148,"column":52}},"line":148},"19":{"name":"(anonymous_19)","decl":{"start":{"line":160,"column":20},"end":{"line":160,"column":21}},"loc":{"start":{"line":160,"column":25},"end":{"line":160,"column":50}},"line":160},"20":{"name":"(anonymous_20)","decl":{"start":{"line":171,"column":25},"end":{"line":171,"column":26}},"loc":{"start":{"line":172,"column":12},"end":{"line":191,"column":18}},"line":172},"21":{"name":"(anonymous_21)","decl":{"start":{"line":181,"column":23},"end":{"line":181,"column":24}},"loc":{"start":{"line":181,"column":29},"end":{"line":181,"column":52}},"line":181},"22":{"name":"(anonymous_22)","decl":{"start":{"line":186,"column":26},"end":{"line":186,"column":27}},"loc":{"start":{"line":186,"column":32},"end":{"line":186,"column":55}},"line":186},"23":{"name":"(anonymous_23)","decl":{"start":{"line":193,"column":41},"end":{"line":193,"column":42}},"loc":{"start":{"line":193,"column":47},"end":{"line":193,"column":70}},"line":193},"24":{"name":"(anonymous_24)","decl":{"start":{"line":205,"column":22},"end":{"line":205,"column":23}},"loc":{"start":{"line":205,"column":27},"end":{"line":205,"column":69}},"line":205},"25":{"name":"(anonymous_25)","decl":{"start":{"line":213,"column":22},"end":{"line":213,"column":23}},"loc":{"start":{"line":213,"column":27},"end":{"line":213,"column":70}},"line":213},"26":{"name":"(anonymous_26)","decl":{"start":{"line":221,"column":22},"end":{"line":221,"column":23}},"loc":{"start":{"line":221,"column":27},"end":{"line":221,"column":70}},"line":221},"27":{"name":"(anonymous_27)","decl":{"start":{"line":228,"column":22},"end":{"line":228,"column":23}},"loc":{"start":{"line":228,"column":27},"end":{"line":228,"column":72}},"line":228},"28":{"name":"(anonymous_28)","decl":{"start":{"line":238,"column":69},"end":{"line":238,"column":70}},"loc":{"start":{"line":238,"column":75},"end":{"line":238,"column":116}},"line":238}},"branchMap":{"0":{"loc":{"start":{"line":9,"column":21},"end":{"line":9,"column":67}},"type":"cond-expr","locations":[{"start":{"line":9,"column":31},"end":{"line":9,"column":53}},{"start":{"line":9,"column":56},"end":{"line":9,"column":67}}],"line":9},"1":{"loc":{"start":{"line":16,"column":15},"end":{"line":16,"column":55}},"type":"binary-expr","locations":[{"start":{"line":16,"column":15},"end":{"line":16,"column":47}},{"start":{"line":16,"column":51},"end":{"line":16,"column":55}}],"line":16},"2":{"loc":{"start":{"line":30,"column":23},"end":{"line":30,"column":67}},"type":"binary-expr","locations":[{"start":{"line":30,"column":23},"end":{"line":30,"column":59}},{"start":{"line":30,"column":63},"end":{"line":30,"column":67}}],"line":30},"3":{"loc":{"start":{"line":35,"column":28},"end":{"line":35,"column":68}},"type":"binary-expr","locations":[{"start":{"line":35,"column":28},"end":{"line":35,"column":60}},{"start":{"line":35,"column":64},"end":{"line":35,"column":68}}],"line":35},"4":{"loc":{"start":{"line":42,"column":4},"end":{"line":56,"column":5}},"type":"if","locations":[{"start":{"line":42,"column":4},"end":{"line":56,"column":5}},{"start":{"line":54,"column":11},"end":{"line":56,"column":5}}],"line":42},"5":{"loc":{"start":{"line":42,"column":8},"end":{"line":42,"column":30}},"type":"binary-expr","locations":[{"start":{"line":42,"column":8},"end":{"line":42,"column":19}},{"start":{"line":42,"column":23},"end":{"line":42,"column":30}}],"line":42},"6":{"loc":{"start":{"line":65,"column":4},"end":{"line":65,"column":85}},"type":"binary-expr","locations":[{"start":{"line":65,"column":4},"end":{"line":65,"column":20}},{"start":{"line":65,"column":24},"end":{"line":65,"column":41}},{"start":{"line":65,"column":45},"end":{"line":65,"column":62}},{"start":{"line":65,"column":66},"end":{"line":65,"column":85}}],"line":65},"7":{"loc":{"start":{"line":89,"column":4},"end":{"line":90,"column":47}},"type":"if","locations":[{"start":{"line":89,"column":4},"end":{"line":90,"column":47}},{"start":{},"end":{}}],"line":89},"8":{"loc":{"start":{"line":91,"column":4},"end":{"line":92,"column":67}},"type":"if","locations":[{"start":{"line":91,"column":4},"end":{"line":92,"column":67}},{"start":{},"end":{}}],"line":91},"9":{"loc":{"start":{"line":93,"column":4},"end":{"line":94,"column":59}},"type":"if","locations":[{"start":{"line":93,"column":4},"end":{"line":94,"column":59}},{"start":{},"end":{}}],"line":93},"10":{"loc":{"start":{"line":105,"column":4},"end":{"line":108,"column":5}},"type":"if","locations":[{"start":{"line":105,"column":4},"end":{"line":108,"column":5}},{"start":{},"end":{}}],"line":105},"11":{"loc":{"start":{"line":110,"column":4},"end":{"line":113,"column":5}},"type":"if","locations":[{"start":{"line":110,"column":4},"end":{"line":113,"column":5}},{"start":{},"end":{}}],"line":110},"12":{"loc":{"start":{"line":114,"column":4},"end":{"line":117,"column":5}},"type":"if","locations":[{"start":{"line":114,"column":4},"end":{"line":117,"column":5}},{"start":{},"end":{}}],"line":114},"13":{"loc":{"start":{"line":118,"column":4},"end":{"line":121,"column":5}},"type":"if","locations":[{"start":{"line":118,"column":4},"end":{"line":121,"column":5}},{"start":{},"end":{}}],"line":118},"14":{"loc":{"start":{"line":123,"column":51},"end":{"line":123,"column":63}},"type":"binary-expr","locations":[{"start":{"line":123,"column":51},"end":{"line":123,"column":57}},{"start":{"line":123,"column":61},"end":{"line":123,"column":63}}],"line":123},"15":{"loc":{"start":{"line":127,"column":2},"end":{"line":128,"column":67}},"type":"if","locations":[{"start":{"line":127,"column":2},"end":{"line":128,"column":67}},{"start":{},"end":{}}],"line":127},"16":{"loc":{"start":{"line":143,"column":7},"end":{"line":152,"column":7}},"type":"binary-expr","locations":[{"start":{"line":143,"column":7},"end":{"line":143,"column":24}},{"start":{"line":144,"column":8},"end":{"line":151,"column":14}}],"line":143},"17":{"loc":{"start":{"line":165,"column":9},"end":{"line":165,"column":75}},"type":"binary-expr","locations":[{"start":{"line":165,"column":9},"end":{"line":165,"column":21}},{"start":{"line":165,"column":25},"end":{"line":165,"column":75}}],"line":165},"18":{"loc":{"start":{"line":169,"column":7},"end":{"line":197,"column":7}},"type":"binary-expr","locations":[{"start":{"line":169,"column":7},"end":{"line":169,"column":27}},{"start":{"line":169,"column":31},"end":{"line":169,"column":46}},{"start":{"line":170,"column":8},"end":{"line":196,"column":14}}],"line":169},"19":{"loc":{"start":{"line":175,"column":24},"end":{"line":175,"column":88}},"type":"cond-expr","locations":[{"start":{"line":175,"column":50},"end":{"line":175,"column":69}},{"start":{"line":175,"column":72},"end":{"line":175,"column":88}}],"line":175},"20":{"loc":{"start":{"line":199,"column":7},"end":{"line":243,"column":7}},"type":"binary-expr","locations":[{"start":{"line":199,"column":8},"end":{"line":199,"column":22}},{"start":{"line":199,"column":26},"end":{"line":199,"column":48}},{"start":{"line":200,"column":8},"end":{"line":242,"column":14}}],"line":199},"21":{"loc":{"start":{"line":237,"column":11},"end":{"line":241,"column":11}},"type":"binary-expr","locations":[{"start":{"line":237,"column":11},"end":{"line":237,"column":31}},{"start":{"line":238,"column":12},"end":{"line":240,"column":21}}],"line":237},"22":{"loc":{"start":{"line":245,"column":7},"end":{"line":253,"column":7}},"type":"binary-expr","locations":[{"start":{"line":245,"column":7},"end":{"line":245,"column":27}},{"start":{"line":245,"column":31},"end":{"line":245,"column":46}},{"start":{"line":246,"column":8},"end":{"line":252,"column":17}}],"line":245},"23":{"loc":{"start":{"line":255,"column":7},"end":{"line":255,"column":102}},"type":"binary-expr","locations":[{"start":{"line":255,"column":7},"end":{"line":255,"column":10}},{"start":{"line":255,"column":14},"end":{"line":255,"column":102}}],"line":255},"24":{"loc":{"start":{"line":255,"column":35},"end":{"line":255,"column":72}},"type":"cond-expr","locations":[{"start":{"line":255,"column":57},"end":{"line":255,"column":62}},{"start":{"line":255,"column":65},"end":{"line":255,"column":72}}],"line":255}},"s":{"0":0,"1":0,"2":0,"3":0,"4":0,"5":0,"6":0,"7":0,"8":0,"9":0,"10":0,"11":0,"12":0,"13":0,"14":0,"15":0,"16":0,"17":0,"18":0,"19":0,"20":0,"21":0,"22":0,"23":0,"24":0,"25":0,"26":0,"27":0,"28":0,"29":0,"30":0,"31":0,"32":0,"33":0,"34":0,"35":0,"36":0,"37":0,"38":0,"39":0,"40":0,"41":0,"42":0,"43":0,"44":0,"45":0,"46":0,"47":0,"48":0,"49":0,"50":0,"51":0,"52":0,"53":0,"54":0,"55":0,"56":0,"57":0,"58":0,"59":0,"60":0,"61":0,"62":0,"63":0,"64":0,"65":0,"66":0,"67":0,"68":0,"69":0,"70":0,"71":0,"72":0,"73":0,"74":0,"75":0,"76":0,"77":0,"78":0,"79":0,"80":0,"81":0,"82":0,"83":0,"84":0,"85":0,"86":0,"87":0,"88":0,"89":0},"f":{"0":0,"1":0,"2":0,"3":0,"4":0,"5":0,"6":0,"7":0,"8":0,"9":0,"10":0,"11":0,"12":0,"13":0,"14":0,"15":0,"16":0,"17":0,"18":0,"19":0,"20":0,"21":0,"22":0,"23":0,"24":0,"25":0,"26":0,"27":0,"28":0},"b":{"0":[0,0],"1":[0,0],"2":[0,0],"3":[0,0],"4":[0,0],"5":[0,0],"6":[0,0,0,0],"7":[0,0],"8":[0,0],"9":[0,0],"10":[0,0],"11":[0,0],"12":[0,0],"13":[0,0],"14":[0,0],"15":[0,0],"16":[0,0],"17":[0,0],"18":[0,0,0],"19":[0,0],"20":[0,0,0],"21":[0,0],"22":[0,0,0],"23":[0,0],"24":[0,0]}}
,"G:\\UshaSree Project 1.0\\App Code\\frontend\\src\\pages\\Home.js": {"path":"G:\\UshaSree Project 1.0\\App Code\\frontend\\src\\pages\\Home.js","statementMap":{"0":{"start":{"line":6,"column":17},"end":{"line":6,"column":51}},"1":{"start":{"line":9,"column":34},"end":{"line":9,"column":46}},"2":{"start":{"line":10,"column":34},"end":{"line":10,"column":46}},"3":{"start":{"line":11,"column":38},"end":{"line":11,"column":53}},"4":{"start":{"line":12,"column":40},"end":{"line":12,"column":52}},"5":{"start":{"line":13,"column":36},"end":{"line":13,"column":48}},"6":{"start":{"line":14,"column":38},"end":{"line":14,"column":50}},"7":{"start":{"line":16,"column":2},"end":{"line":20,"column":9}},"8":{"start":{"line":17,"column":4},"end":{"line":19,"column":36}},"9":{"start":{"line":18,"column":19},"end":{"line":18,"column":40}},"10":{"start":{"line":19,"column":19},"end":{"line":19,"column":34}},"11":{"start":{"line":23,"column":26},"end":{"line":35,"column":3}},"12":{"start":{"line":24,"column":15},"end":{"line":24,"column":63}},"13":{"start":{"line":25,"column":16},"end":{"line":25,"column":62}},"14":{"start":{"line":25,"column":39},"end":{"line":25,"column":61}},"15":{"start":{"line":26,"column":4},"end":{"line":30,"column":5}},"16":{"start":{"line":27,"column":6},"end":{"line":27,"column":30}},"17":{"start":{"line":29,"column":6},"end":{"line":29,"column":45}},"18":{"start":{"line":31,"column":4},"end":{"line":31,"column":55}},"19":{"start":{"line":32,"column":4},"end":{"line":32,"column":52}},"20":{"start":{"line":33,"column":4},"end":{"line":33,"column":53}},"21":{"start":{"line":34,"column":4},"end":{"line":34,"column":44}},"22":{"start":{"line":34,"column":21},"end":{"line":34,"column":36}},"23":{"start":{"line":38,"column":19},"end":{"line":41,"column":3}},"24":{"start":{"line":39,"column":4},"end":{"line":40,"column":75}},"25":{"start":{"line":43,"column":25},"end":{"line":46,"column":3}},"26":{"start":{"line":44,"column":4},"end":{"line":44,"column":26}},"27":{"start":{"line":45,"column":4},"end":{"line":45,"column":24}},"28":{"start":{"line":48,"column":29},"end":{"line":63,"column":3}},"29":{"start":{"line":49,"column":4},"end":{"line":49,"column":23}},"30":{"start":{"line":50,"column":4},"end":{"line":50,"column":34}},"31":{"start":{"line":51,"column":4},"end":{"line":59,"column":5}},"32":{"start":{"line":52,"column":6},"end":{"line":55,"column":9}},"33":{"start":{"line":56,"column":6},"end":{"line":56,"column":70}},"34":{"start":{"line":58,"column":6},"end":{"line":58,"column":70}},"35":{"start":{"line":60,"column":4},"end":{"line":60,"column":23}},"36":{"start":{"line":61,"column":4},"end":{"line":61,"column":25}},"37":{"start":{"line":62,"column":4},"end":{"line":62,"column":45}},"38":{"start":{"line":62,"column":21},"end":{"line":62,"column":37}},"39":{"start":{"line":65,"column":2},"end":{"line":173,"column":4}},"40":{"start":{"line":72,"column":27},"end":{"line":72,"column":52}},"41":{"start":{"line":105,"column":12},"end":{"line":109,"column":14}},"42":{"start":{"line":124,"column":31},"end":{"line":124,"column":61}},"43":{"start":{"line":144,"column":31},"end":{"line":144,"column":51}}},"fnMap":{"0":{"name":"Home","decl":{"start":{"line":8,"column":9},"end":{"line":8,"column":13}},"loc":{"start":{"line":8,"column":37},"end":{"line":174,"column":1}},"line":8},"1":{"name":"(anonymous_1)","decl":{"start":{"line":16,"column":12},"end":{"line":16,"column":13}},"loc":{"start":{"line":16,"column":18},"end":{"line":20,"column":3}},"line":16},"2":{"name":"(anonymous_2)","decl":{"start":{"line":18,"column":12},"end":{"line":18,"column":13}},"loc":{"start":{"line":18,"column":19},"end":{"line":18,"column":40}},"line":18},"3":{"name":"(anonymous_3)","decl":{"start":{"line":19,"column":13},"end":{"line":19,"column":14}},"loc":{"start":{"line":19,"column":19},"end":{"line":19,"column":34}},"line":19},"4":{"name":"(anonymous_4)","decl":{"start":{"line":23,"column":26},"end":{"line":23,"column":27}},"loc":{"start":{"line":23,"column":39},"end":{"line":35,"column":3}},"line":23},"5":{"name":"(anonymous_5)","decl":{"start":{"line":25,"column":31},"end":{"line":25,"column":32}},"loc":{"start":{"line":25,"column":39},"end":{"line":25,"column":61}},"line":25},"6":{"name":"(anonymous_6)","decl":{"start":{"line":34,"column":15},"end":{"line":34,"column":16}},"loc":{"start":{"line":34,"column":21},"end":{"line":34,"column":36}},"line":34},"7":{"name":"(anonymous_7)","decl":{"start":{"line":38,"column":35},"end":{"line":38,"column":36}},"loc":{"start":{"line":39,"column":4},"end":{"line":40,"column":75}},"line":39},"8":{"name":"(anonymous_8)","decl":{"start":{"line":43,"column":25},"end":{"line":43,"column":26}},"loc":{"start":{"line":43,"column":31},"end":{"line":46,"column":3}},"line":43},"9":{"name":"(anonymous_9)","decl":{"start":{"line":48,"column":29},"end":{"line":48,"column":30}},"loc":{"start":{"line":48,"column":42},"end":{"line":63,"column":3}},"line":48},"10":{"name":"(anonymous_10)","decl":{"start":{"line":62,"column":15},"end":{"line":62,"column":16}},"loc":{"start":{"line":62,"column":21},"end":{"line":62,"column":37}},"line":62},"11":{"name":"(anonymous_11)","decl":{"start":{"line":72,"column":20},"end":{"line":72,"column":21}},"loc":{"start":{"line":72,"column":27},"end":{"line":72,"column":52}},"line":72},"12":{"name":"(anonymous_12)","decl":{"start":{"line":104,"column":23},"end":{"line":104,"column":24}},"loc":{"start":{"line":105,"column":12},"end":{"line":109,"column":14}},"line":105},"13":{"name":"(anonymous_13)","decl":{"start":{"line":124,"column":24},"end":{"line":124,"column":25}},"loc":{"start":{"line":124,"column":31},"end":{"line":124,"column":61}},"line":124},"14":{"name":"(anonymous_14)","decl":{"start":{"line":144,"column":25},"end":{"line":144,"column":26}},"loc":{"start":{"line":144,"column":31},"end":{"line":144,"column":51}},"line":144}},"branchMap":{"0":{"loc":{"start":{"line":24,"column":26},"end":{"line":24,"column":62}},"type":"binary-expr","locations":[{"start":{"line":24,"column":26},"end":{"line":24,"column":54}},{"start":{"line":24,"column":58},"end":{"line":24,"column":62}}],"line":24},"1":{"loc":{"start":{"line":26,"column":4},"end":{"line":30,"column":5}},"type":"if","locations":[{"start":{"line":26,"column":4},"end":{"line":30,"column":5}},{"start":{"line":28,"column":11},"end":{"line":30,"column":5}}],"line":26},"2":{"loc":{"start":{"line":39,"column":4},"end":{"line":40,"column":75}},"type":"binary-expr","locations":[{"start":{"line":39,"column":4},"end":{"line":39,"column":56}},{"start":{"line":40,"column":5},"end":{"line":40,"column":15}},{"start":{"line":40,"column":19},"end":{"line":40,"column":74}}],"line":39},"3":{"loc":{"start":{"line":81,"column":7},"end":{"line":81,"column":85}},"type":"binary-expr","locations":[{"start":{"line":81,"column":7},"end":{"line":81,"column":15}},{"start":{"line":81,"column":19},"end":{"line":81,"column":85}}],"line":81},"4":{"loc":{"start":{"line":84,"column":9},"end":{"line":111,"column":9}},"type":"cond-expr","locations":[{"start":{"line":85,"column":10},"end":{"line":102,"column":16}},{"start":{"line":104,"column":10},"end":{"line":110,"column":12}}],"line":84},"5":{"loc":{"start":{"line":115,"column":7},"end":{"line":159,"column":7}},"type":"binary-expr","locations":[{"start":{"line":115,"column":7},"end":{"line":115,"column":17}},{"start":{"line":116,"column":8},"end":{"line":158,"column":14}}],"line":115},"6":{"loc":{"start":{"line":160,"column":7},"end":{"line":160,"column":86}},"type":"binary-expr","locations":[{"start":{"line":160,"column":7},"end":{"line":160,"column":16}},{"start":{"line":160,"column":20},"end":{"line":160,"column":86}}],"line":160}},"s":{"0":0,"1":0,"2":0,"3":0,"4":0,"5":0,"6":0,"7":0,"8":0,"9":0,"10":0,"11":0,"12":0,"13":0,"14":0,"15":0,"16":0,"17":0,"18":0,"19":0,"20":0,"21":0,"22":0,"23":0,"24":0,"25":0,"26":0,"27":0,"28":0,"29":0,"30":0,"31":0,"32":0,"33":0,"34":0,"35":0,"36":0,"37":0,"38":0,"39":0,"40":0,"41":0,"42":0,"43":0},"f":{"0":0,"1":0,"2":0,"3":0,"4":0,"5":0,"6":0,"7":0,"8":0,"9":0,"10":0,"11":0,"12":0,"13":0,"14":0},"b":{"0":[0,0],"1":[0,0],"2":[0,0,0],"3":[0,0],"4":[0,0],"5":[0,0],"6":[0,0]}}
,"G:\\UshaSree Project 1.0\\App Code\\frontend\\src\\pages\\Login.js": {"path":"G:\\UshaSree Project 1.0\\App Code\\frontend\\src\\pages\\Login.js","statementMap":{"0":{"start":{"line":5,"column":17},"end":{"line":5,"column":51}},"1":{"start":{"line":8,"column":28},"end":{"line":8,"column":40}},"2":{"start":{"line":9,"column":34},"end":{"line":9,"column":46}},"3":{"start":{"line":10,"column":24},"end":{"line":10,"column":36}},"4":{"start":{"line":11,"column":19},"end":{"line":11,"column":32}},"5":{"start":{"line":13,"column":22},"end":{"line":33,"column":3}},"6":{"start":{"line":14,"column":4},"end":{"line":14,"column":23}},"7":{"start":{"line":15,"column":4},"end":{"line":15,"column":15}},"8":{"start":{"line":16,"column":4},"end":{"line":32,"column":5}},"9":{"start":{"line":17,"column":18},"end":{"line":17,"column":81}},"10":{"start":{"line":18,"column":6},"end":{"line":18,"column":54}},"11":{"start":{"line":19,"column":6},"end":{"line":19,"column":60}},"12":{"start":{"line":20,"column":6},"end":{"line":20,"column":58}},"13":{"start":{"line":21,"column":6},"end":{"line":21,"column":59}},"14":{"start":{"line":22,"column":24},"end":{"line":22,"column":50}},"15":{"start":{"line":23,"column":6},"end":{"line":23,"column":53}},"16":{"start":{"line":26,"column":6},"end":{"line":26,"column":43}},"17":{"start":{"line":28,"column":6},"end":{"line":28,"column":34}},"18":{"start":{"line":29,"column":6},"end":{"line":29,"column":43}},"19":{"start":{"line":29,"column":23},"end":{"line":29,"column":36}},"20":{"start":{"line":31,"column":6},"end":{"line":31,"column":43}},"21":{"start":{"line":35,"column":2},"end":{"line":58,"column":4}},"22":{"start":{"line":43,"column":23},"end":{"line":43,"column":47}},"23":{"start":{"line":50,"column":23},"end":{"line":50,"column":50}}},"fnMap":{"0":{"name":"Login","decl":{"start":{"line":7,"column":9},"end":{"line":7,"column":14}},"loc":{"start":{"line":7,"column":17},"end":{"line":59,"column":1}},"line":7},"1":{"name":"(anonymous_1)","decl":{"start":{"line":13,"column":22},"end":{"line":13,"column":23}},"loc":{"start":{"line":13,"column":35},"end":{"line":33,"column":3}},"line":13},"2":{"name":"(anonymous_2)","decl":{"start":{"line":29,"column":17},"end":{"line":29,"column":18}},"loc":{"start":{"line":29,"column":23},"end":{"line":29,"column":36}},"line":29},"3":{"name":"(anonymous_3)","decl":{"start":{"line":43,"column":18},"end":{"line":43,"column":19}},"loc":{"start":{"line":43,"column":23},"end":{"line":43,"column":47}},"line":43},"4":{"name":"(anonymous_4)","decl":{"start":{"line":50,"column":18},"end":{"line":50,"column":19}},"loc":{"start":{"line":50,"column":23},"end":{"line":50,"column":50}},"line":50}},"branchMap":{"0":{"loc":{"start":{"line":53,"column":7},"end":{"line":53,"column":110}},"type":"binary-expr","locations":[{"start":{"line":53,"column":7},"end":{"line":53,"column":10}},{"start":{"line":53,"column":14},"end":{"line":53,"column":110}}],"line":53},"1":{"loc":{"start":{"line":53,"column":35},"end":{"line":53,"column":80}},"type":"cond-expr","locations":[{"start":{"line":53,"column":65},"end":{"line":53,"column":72}},{"start":{"line":53,"column":75},"end":{"line":53,"column":80}}],"line":53}},"s":{"0":0,"1":0,"2":0,"3":0,"4":0,"5":0,"6":0,"7":0,"8":0,"9":0,"10":0,"11":0,"12":0,"13":0,"14":0,"15":0,"16":0,"17":0,"18":0,"19":0,"20":0,"21":0,"22":0,"23":0},"f":{"0":0,"1":0,"2":0,"3":0,"4":0},"b":{"0":[0,0],"1":[0,0]}}
,"G:\\UshaSree Project 1.0\\App Code\\frontend\\src\\pages\\OrderSummary.js": {"path":"G:\\UshaSree Project 1.0\\App Code\\frontend\\src\\pages\\OrderSummary.js","statementMap":{"0":{"start":{"line":5,"column":20},"end":{"line":5,"column":73}},"1":{"start":{"line":7,"column":2},"end":{"line":13,"column":3}},"2":{"start":{"line":8,"column":4},"end":{"line":12,"column":6}},"3":{"start":{"line":15,"column":18},"end":{"line":15,"column":52}},"4":{"start":{"line":16,"column":16},"end":{"line":16,"column":37}},"5":{"start":{"line":17,"column":22},"end":{"line":17,"column":24}},"6":{"start":{"line":18,"column":2},"end":{"line":24,"column":3}},"7":{"start":{"line":19,"column":4},"end":{"line":21,"column":39}},"8":{"start":{"line":23,"column":4},"end":{"line":23,"column":23}},"9":{"start":{"line":26,"column":2},"end":{"line":75,"column":4}},"10":{"start":{"line":53,"column":14},"end":{"line":56,"column":19}},"11":{"start":{"line":65,"column":12},"end":{"line":67,"column":17}}},"fnMap":{"0":{"name":"OrderSummary","decl":{"start":{"line":4,"column":9},"end":{"line":4,"column":21}},"loc":{"start":{"line":4,"column":24},"end":{"line":76,"column":1}},"line":4},"1":{"name":"(anonymous_1)","decl":{"start":{"line":52,"column":31},"end":{"line":52,"column":32}},"loc":{"start":{"line":53,"column":14},"end":{"line":56,"column":19}},"line":53},"2":{"name":"(anonymous_2)","decl":{"start":{"line":64,"column":21},"end":{"line":64,"column":22}},"loc":{"start":{"line":65,"column":12},"end":{"line":67,"column":17}},"line":65}},"branchMap":{"0":{"loc":{"start":{"line":5,"column":31},"end":{"line":5,"column":72}},"type":"binary-expr","locations":[{"start":{"line":5,"column":31},"end":{"line":5,"column":64}},{"start":{"line":5,"column":68},"end":{"line":5,"column":72}}],"line":5},"1":{"loc":{"start":{"line":7,"column":2},"end":{"line":13,"column":3}},"type":"if","locations":[{"start":{"line":7,"column":2},"end":{"line":13,"column":3}},{"start":{},"end":{}}],"line":7},"2":{"loc":{"start":{"line":7,"column":6},"end":{"line":7,"column":58}},"type":"binary-expr","locations":[{"start":{"line":7,"column":6},"end":{"line":7,"column":16}},{"start":{"line":7,"column":21},"end":{"line":7,"column":40}},{"start":{"line":7,"column":44},"end":{"line":7,"column":57}}],"line":7},"3":{"loc":{"start":{"line":15,"column":18},"end":{"line":15,"column":52}},"type":"binary-expr","locations":[{"start":{"line":15,"column":18},"end":{"line":15,"column":36}},{"start":{"line":15,"column":40},"end":{"line":15,"column":52}}],"line":15},"4":{"loc":{"start":{"line":16,"column":16},"end":{"line":16,"column":37}},"type":"binary-expr","locations":[{"start":{"line":16,"column":16},"end":{"line":16,"column":31}},{"start":{"line":16,"column":35},"end":{"line":16,"column":37}}],"line":16},"5":{"loc":{"start":{"line":19,"column":20},"end":{"line":21,"column":38}},"type":"cond-expr","locations":[{"start":{"line":20,"column":8},"end":{"line":20,"column":44}},{"start":{"line":21,"column":8},"end":{"line":21,"column":38}}],"line":19},"6":{"loc":{"start":{"line":21,"column":8},"end":{"line":21,"column":38}},"type":"binary-expr","locations":[{"start":{"line":21,"column":8},"end":{"line":21,"column":32}},{"start":{"line":21,"column":36},"end":{"line":21,"column":38}}],"line":21},"7":{"loc":{"start":{"line":34,"column":40},"end":{"line":34,"column":84}},"type":"binary-expr","locations":[{"start":{"line":34,"column":40},"end":{"line":34,"column":55}},{"start":{"line":34,"column":59},"end":{"line":34,"column":75}},{"start":{"line":34,"column":79},"end":{"line":34,"column":84}}],"line":34},"8":{"loc":{"start":{"line":38,"column":12},"end":{"line":38,"column":63}},"type":"cond-expr","locations":[{"start":{"line":38,"column":41},"end":{"line":38,"column":59}},{"start":{"line":38,"column":62},"end":{"line":38,"column":63}}],"line":38},"9":{"loc":{"start":{"line":44,"column":12},"end":{"line":44,"column":63}},"type":"binary-expr","locations":[{"start":{"line":44,"column":12},"end":{"line":44,"column":34}},{"start":{"line":44,"column":38},"end":{"line":44,"column":54}},{"start":{"line":44,"column":58},"end":{"line":44,"column":63}}],"line":44},"10":{"loc":{"start":{"line":48,"column":7},"end":{"line":60,"column":7}},"type":"binary-expr","locations":[{"start":{"line":48,"column":7},"end":{"line":48,"column":31}},{"start":{"line":49,"column":8},"end":{"line":59,"column":14}}],"line":48},"11":{"loc":{"start":{"line":55,"column":17},"end":{"line":55,"column":58}},"type":"binary-expr","locations":[{"start":{"line":55,"column":17},"end":{"line":55,"column":27}},{"start":{"line":55,"column":31},"end":{"line":55,"column":58}}],"line":55},"12":{"loc":{"start":{"line":66,"column":15},"end":{"line":66,"column":44}},"type":"binary-expr","locations":[{"start":{"line":66,"column":15},"end":{"line":66,"column":25}},{"start":{"line":66,"column":29},"end":{"line":66,"column":44}}],"line":66}},"s":{"0":0,"1":0,"2":0,"3":0,"4":0,"5":0,"6":0,"7":0,"8":0,"9":0,"10":0,"11":0},"f":{"0":0,"1":0,"2":0},"b":{"0":[0,0],"1":[0,0],"2":[0,0,0],"3":[0,0],"4":[0,0],"5":[0,0],"6":[0,0],"7":[0,0,0],"8":[0,0],"9":[0,0,0],"10":[0,0],"11":[0,0],"12":[0,0]}}
,"G:\\UshaSree Project 1.0\\App Code\\frontend\\src\\pages\\Orders.js": {"path":"G:\\UshaSree Project 1.0\\App Code\\frontend\\src\\pages\\Orders.js","statementMap":{"0":{"start":{"line":6,"column":17},"end":{"line":6,"column":51}},"1":{"start":{"line":9,"column":30},"end":{"line":9,"column":42}},"2":{"start":{"line":10,"column":32},"end":{"line":10,"column":46}},"3":{"start":{"line":11,"column":19},"end":{"line":11,"column":32}},"4":{"start":{"line":13,"column":2},"end":{"line":40,"column":17}},"5":{"start":{"line":15,"column":18},"end":{"line":15,"column":49}},"6":{"start":{"line":16,"column":20},"end":{"line":16,"column":53}},"7":{"start":{"line":18,"column":4},"end":{"line":21,"column":5}},"8":{"start":{"line":19,"column":6},"end":{"line":19,"column":25}},"9":{"start":{"line":20,"column":6},"end":{"line":20,"column":13}},"10":{"start":{"line":23,"column":4},"end":{"line":39,"column":40}},"11":{"start":{"line":29,"column":19},"end":{"line":29,"column":27}},"12":{"start":{"line":30,"column":8},"end":{"line":36,"column":9}},"13":{"start":{"line":31,"column":10},"end":{"line":31,"column":26}},"14":{"start":{"line":32,"column":15},"end":{"line":36,"column":9}},"15":{"start":{"line":33,"column":10},"end":{"line":33,"column":33}},"16":{"start":{"line":35,"column":10},"end":{"line":35,"column":24}},"17":{"start":{"line":38,"column":19},"end":{"line":38,"column":32}},"18":{"start":{"line":39,"column":21},"end":{"line":39,"column":38}},"19":{"start":{"line":42,"column":2},"end":{"line":42,"column":78}},"20":{"start":{"line":42,"column":15},"end":{"line":42,"column":78}},"21":{"start":{"line":43,"column":2},"end":{"line":43,"column":84}},"22":{"start":{"line":43,"column":22},"end":{"line":43,"column":84}},"23":{"start":{"line":45,"column":2},"end":{"line":73,"column":4}},"24":{"start":{"line":49,"column":8},"end":{"line":70,"column":14}},"25":{"start":{"line":57,"column":18},"end":{"line":60,"column":23}}},"fnMap":{"0":{"name":"Orders","decl":{"start":{"line":8,"column":9},"end":{"line":8,"column":15}},"loc":{"start":{"line":8,"column":18},"end":{"line":74,"column":1}},"line":8},"1":{"name":"(anonymous_1)","decl":{"start":{"line":13,"column":12},"end":{"line":13,"column":13}},"loc":{"start":{"line":13,"column":18},"end":{"line":40,"column":3}},"line":13},"2":{"name":"(anonymous_2)","decl":{"start":{"line":27,"column":12},"end":{"line":27,"column":13}},"loc":{"start":{"line":27,"column":21},"end":{"line":37,"column":7}},"line":27},"3":{"name":"(anonymous_3)","decl":{"start":{"line":38,"column":13},"end":{"line":38,"column":14}},"loc":{"start":{"line":38,"column":19},"end":{"line":38,"column":32}},"line":38},"4":{"name":"(anonymous_4)","decl":{"start":{"line":39,"column":15},"end":{"line":39,"column":16}},"loc":{"start":{"line":39,"column":21},"end":{"line":39,"column":38}},"line":39},"5":{"name":"(anonymous_5)","decl":{"start":{"line":48,"column":18},"end":{"line":48,"column":19}},"loc":{"start":{"line":49,"column":8},"end":{"line":70,"column":14}},"line":49},"6":{"name":"(anonymous_6)","decl":{"start":{"line":56,"column":41},"end":{"line":56,"column":42}},"loc":{"start":{"line":57,"column":18},"end":{"line":60,"column":23}},"line":57}},"branchMap":{"0":{"loc":{"start":{"line":18,"column":4},"end":{"line":21,"column":5}},"type":"if","locations":[{"start":{"line":18,"column":4},"end":{"line":21,"column":5}},{"start":{},"end":{}}],"line":18},"1":{"loc":{"start":{"line":18,"column":8},"end":{"line":18,"column":26}},"type":"binary-expr","locations":[{"start":{"line":18,"column":8},"end":{"line":18,"column":14}},{"start":{"line":18,"column":18},"end":{"line":18,"column":26}}],"line":18},"2":{"loc":{"start":{"line":30,"column":8},"end":{"line":36,"column":9}},"type":"if","locations":[{"start":{"line":30,"column":8},"end":{"line":36,"column":9}},{"start":{"line":32,"column":15},"end":{"line":36,"column":9}}],"line":30},"3":{"loc":{"start":{"line":32,"column":15},"end":{"line":36,"column":9}},"type":"if","locations":[{"start":{"line":32,"column":15},"end":{"line":36,"column":9}},{"start":{"line":34,"column":15},"end":{"line":36,"column":9}}],"line":32},"4":{"loc":{"start":{"line":32,"column":19},"end":{"line":32,"column":53}},"type":"binary-expr","locations":[{"start":{"line":32,"column":19},"end":{"line":32,"column":23}},{"start":{"line":32,"column":27},"end":{"line":32,"column":53}}],"line":32},"5":{"loc":{"start":{"line":42,"column":2},"end":{"line":42,"column":78}},"type":"if","locations":[{"start":{"line":42,"column":2},"end":{"line":42,"column":78}},{"start":{},"end":{}}],"line":42},"6":{"loc":{"start":{"line":43,"column":2},"end":{"line":43,"column":84}},"type":"if","locations":[{"start":{"line":43,"column":2},"end":{"line":43,"column":84}},{"start":{},"end":{}}],"line":43},"7":{"loc":{"start":{"line":49,"column":41},"end":{"line":49,"column":56}},"type":"binary-expr","locations":[{"start":{"line":49,"column":41},"end":{"line":49,"column":49}},{"start":{"line":49,"column":53},"end":{"line":49,"column":56}}],"line":49},"8":{"loc":{"start":{"line":52,"column":41},"end":{"line":52,"column":84}},"type":"binary-expr","locations":[{"start":{"line":52,"column":41},"end":{"line":52,"column":75}},{"start":{"line":52,"column":79},"end":{"line":52,"column":84}}],"line":52},"9":{"loc":{"start":{"line":56,"column":18},"end":{"line":56,"column":35}},"type":"binary-expr","locations":[{"start":{"line":56,"column":18},"end":{"line":56,"column":29}},{"start":{"line":56,"column":33},"end":{"line":56,"column":35}}],"line":56},"10":{"loc":{"start":{"line":59,"column":21},"end":{"line":59,"column":76}},"type":"cond-expr","locations":[{"start":{"line":59,"column":34},"end":{"line":59,"column":44}},{"start":{"line":59,"column":47},"end":{"line":59,"column":76}}],"line":59},"11":{"loc":{"start":{"line":64,"column":43},"end":{"line":64,"column":96}},"type":"cond-expr","locations":[{"start":{"line":64,"column":57},"end":{"line":64,"column":87}},{"start":{"line":64,"column":90},"end":{"line":64,"column":96}}],"line":64},"12":{"loc":{"start":{"line":67,"column":13},"end":{"line":67,"column":92}},"type":"cond-expr","locations":[{"start":{"line":67,"column":30},"end":{"line":67,"column":85}},{"start":{"line":67,"column":88},"end":{"line":67,"column":92}}],"line":67},"13":{"loc":{"start":{"line":68,"column":13},"end":{"line":68,"column":96}},"type":"cond-expr","locations":[{"start":{"line":68,"column":34},"end":{"line":68,"column":89}},{"start":{"line":68,"column":92},"end":{"line":68,"column":96}}],"line":68}},"s":{"0":0,"1":0,"2":0,"3":0,"4":0,"5":0,"6":0,"7":0,"8":0,"9":0,"10":0,"11":0,"12":0,"13":0,"14":0,"15":0,"16":0,"17":0,"18":0,"19":0,"20":0,"21":0,"22":0,"23":0,"24":0,"25":0},"f":{"0":0,"1":0,"2":0,"3":0,"4":0,"5":0,"6":0},"b":{"0":[0,0],"1":[0,0],"2":[0,0],"3":[0,0],"4":[0,0],"5":[0,0],"6":[0,0],"7":[0,0],"8":[0,0],"9":[0,0],"10":[0,0],"11":[0,0],"12":[0,0],"13":[0,0]}}
,"G:\\UshaSree Project 1.0\\App Code\\frontend\\src\\pages\\Payment.js": {"path":"G:\\UshaSree Project 1.0\\App Code\\frontend\\src\\pages\\Payment.js","statementMap":{"0":{"start":{"line":5,"column":17},"end":{"line":5,"column":51}},"1":{"start":{"line":8,"column":26},"end":{"line":8,"column":38}},"2":{"start":{"line":9,"column":32},"end":{"line":9,"column":46}},"3":{"start":{"line":10,"column":26},"end":{"line":10,"column":80}},"4":{"start":{"line":11,"column":24},"end":{"line":11,"column":36}},"5":{"start":{"line":12,"column":42},"end":{"line":12,"column":57}},"6":{"start":{"line":13,"column":30},"end":{"line":13,"column":42}},"7":{"start":{"line":14,"column":44},"end":{"line":14,"column":58}},"8":{"start":{"line":15,"column":34},"end":{"line":15,"column":45}},"9":{"start":{"line":16,"column":40},"end":{"line":16,"column":51}},"10":{"start":{"line":17,"column":30},"end":{"line":17,"column":42}},"11":{"start":{"line":19,"column":19},"end":{"line":19,"column":32}},"12":{"start":{"line":22,"column":20},"end":{"line":22,"column":59}},"13":{"start":{"line":22,"column":26},"end":{"line":22,"column":59}},"14":{"start":{"line":23,"column":19},"end":{"line":23,"column":56}},"15":{"start":{"line":23,"column":25},"end":{"line":23,"column":56}},"16":{"start":{"line":25,"column":2},"end":{"line":28,"column":9}},"17":{"start":{"line":26,"column":4},"end":{"line":26,"column":70}},"18":{"start":{"line":27,"column":4},"end":{"line":27,"column":86}},"19":{"start":{"line":30,"column":2},"end":{"line":39,"column":13}},"20":{"start":{"line":31,"column":20},"end":{"line":31,"column":31}},"21":{"start":{"line":32,"column":23},"end":{"line":32,"column":86}},"22":{"start":{"line":32,"column":50},"end":{"line":32,"column":82}},"23":{"start":{"line":33,"column":26},"end":{"line":33,"column":37}},"24":{"start":{"line":34,"column":4},"end":{"line":38,"column":5}},"25":{"start":{"line":35,"column":6},"end":{"line":37,"column":69}},"26":{"start":{"line":37,"column":21},"end":{"line":37,"column":40}},"27":{"start":{"line":37,"column":54},"end":{"line":37,"column":67}},"28":{"start":{"line":41,"column":2},"end":{"line":75,"column":21}},"29":{"start":{"line":43,"column":22},"end":{"line":43,"column":33}},"30":{"start":{"line":44,"column":6},"end":{"line":49,"column":7}},"31":{"start":{"line":45,"column":8},"end":{"line":45,"column":23}},"32":{"start":{"line":46,"column":8},"end":{"line":46,"column":26}},"33":{"start":{"line":47,"column":8},"end":{"line":47,"column":31}},"34":{"start":{"line":48,"column":8},"end":{"line":48,"column":15}},"35":{"start":{"line":50,"column":25},"end":{"line":50,"column":88}},"36":{"start":{"line":50,"column":52},"end":{"line":50,"column":84}},"37":{"start":{"line":51,"column":28},"end":{"line":51,"column":39}},"38":{"start":{"line":52,"column":6},"end":{"line":71,"column":7}},"39":{"start":{"line":53,"column":21},"end":{"line":58,"column":10}},"40":{"start":{"line":59,"column":8},"end":{"line":59,"column":51}},"41":{"start":{"line":60,"column":8},"end":{"line":60,"column":61}},"42":{"start":{"line":61,"column":8},"end":{"line":64,"column":10}},"43":{"start":{"line":63,"column":45},"end":{"line":63,"column":72}},"44":{"start":{"line":65,"column":8},"end":{"line":65,"column":19}},"45":{"start":{"line":67,"column":8},"end":{"line":67,"column":23}},"46":{"start":{"line":68,"column":8},"end":{"line":68,"column":35}},"47":{"start":{"line":69,"column":8},"end":{"line":69,"column":31}},"48":{"start":{"line":70,"column":8},"end":{"line":70,"column":62}},"49":{"start":{"line":70,"column":20},"end":{"line":70,"column":62}},"50":{"start":{"line":73,"column":4},"end":{"line":73,"column":21}},"51":{"start":{"line":78,"column":23},"end":{"line":82,"column":26}},"52":{"start":{"line":79,"column":4},"end":{"line":82,"column":26}},"53":{"start":{"line":84,"column":27},"end":{"line":87,"column":3}},"54":{"start":{"line":85,"column":28},"end":{"line":85,"column":36}},"55":{"start":{"line":86,"column":4},"end":{"line":86,"column":59}},"56":{"start":{"line":89,"column":29},"end":{"line":91,"column":3}},"57":{"start":{"line":90,"column":4},"end":{"line":90,"column":51}},"58":{"start":{"line":93,"column":24},"end":{"line":187,"column":3}},"59":{"start":{"line":94,"column":4},"end":{"line":94,"column":23}},"60":{"start":{"line":95,"column":4},"end":{"line":95,"column":15}},"61":{"start":{"line":96,"column":4},"end":{"line":96,"column":29}},"62":{"start":{"line":96,"column":22},"end":{"line":96,"column":29}},"63":{"start":{"line":97,"column":4},"end":{"line":97,"column":26}},"64":{"start":{"line":99,"column":4},"end":{"line":103,"column":5}},"65":{"start":{"line":100,"column":6},"end":{"line":100,"column":72}},"66":{"start":{"line":101,"column":6},"end":{"line":101,"column":29}},"67":{"start":{"line":102,"column":6},"end":{"line":102,"column":13}},"68":{"start":{"line":104,"column":4},"end":{"line":108,"column":5}},"69":{"start":{"line":105,"column":6},"end":{"line":105,"column":49}},"70":{"start":{"line":106,"column":6},"end":{"line":106,"column":29}},"71":{"start":{"line":107,"column":6},"end":{"line":107,"column":13}},"72":{"start":{"line":110,"column":4},"end":{"line":185,"column":5}},"73":{"start":{"line":111,"column":20},"end":{"line":111,"column":30}},"74":{"start":{"line":112,"column":22},"end":{"line":112,"column":54}},"75":{"start":{"line":115,"column":25},"end":{"line":115,"column":44}},"76":{"start":{"line":118,"column":29},"end":{"line":125,"column":7}},"77":{"start":{"line":121,"column":58},"end":{"line":121,"column":90}},"78":{"start":{"line":126,"column":25},"end":{"line":126,"column":80}},"79":{"start":{"line":128,"column":6},"end":{"line":132,"column":7}},"80":{"start":{"line":129,"column":8},"end":{"line":129,"column":89}},"81":{"start":{"line":130,"column":8},"end":{"line":130,"column":31}},"82":{"start":{"line":131,"column":8},"end":{"line":131,"column":15}},"83":{"start":{"line":135,"column":25},"end":{"line":139,"column":9}},"84":{"start":{"line":135,"column":43},"end":{"line":139,"column":7}},"85":{"start":{"line":141,"column":27},"end":{"line":151,"column":7}},"86":{"start":{"line":144,"column":42},"end":{"line":144,"column":74}},"87":{"start":{"line":153,"column":23},"end":{"line":157,"column":7}},"88":{"start":{"line":159,"column":6},"end":{"line":159,"column":38}},"89":{"start":{"line":160,"column":6},"end":{"line":160,"column":46}},"90":{"start":{"line":161,"column":6},"end":{"line":161,"column":57}},"91":{"start":{"line":162,"column":6},"end":{"line":162,"column":54}},"92":{"start":{"line":164,"column":6},"end":{"line":172,"column":7}},"93":{"start":{"line":165,"column":8},"end":{"line":169,"column":12}},"94":{"start":{"line":171,"column":8},"end":{"line":171,"column":105}},"95":{"start":{"line":174,"column":6},"end":{"line":174,"column":53}},"96":{"start":{"line":175,"column":6},"end":{"line":175,"column":57}},"97":{"start":{"line":175,"column":23},"end":{"line":175,"column":49}},"98":{"start":{"line":177,"column":19},"end":{"line":177,"column":62}},"99":{"start":{"line":178,"column":6},"end":{"line":180,"column":7}},"100":{"start":{"line":179,"column":8},"end":{"line":179,"column":50}},"101":{"start":{"line":181,"column":6},"end":{"line":181,"column":21}},"102":{"start":{"line":182,"column":6},"end":{"line":182,"column":29}},"103":{"start":{"line":183,"column":6},"end":{"line":183,"column":49}},"104":{"start":{"line":184,"column":6},"end":{"line":184,"column":13}},"105":{"start":{"line":186,"column":4},"end":{"line":186,"column":27}},"106":{"start":{"line":189,"column":2},"end":{"line":190,"column":87}},"107":{"start":{"line":190,"column":4},"end":{"line":190,"column":87}},"108":{"start":{"line":192,"column":21},"end":{"line":192,"column":84}},"109":{"start":{"line":192,"column":48},"end":{"line":192,"column":80}},"110":{"start":{"line":194,"column":2},"end":{"line":294,"column":4}},"111":{"start":{"line":200,"column":10},"end":{"line":202,"column":15}},"112":{"start":{"line":213,"column":14},"end":{"line":213,"column":99}}},"fnMap":{"0":{"name":"Payment","decl":{"start":{"line":7,"column":9},"end":{"line":7,"column":16}},"loc":{"start":{"line":7,"column":19},"end":{"line":295,"column":1}},"line":7},"1":{"name":"(anonymous_1)","decl":{"start":{"line":22,"column":20},"end":{"line":22,"column":21}},"loc":{"start":{"line":22,"column":26},"end":{"line":22,"column":59}},"line":22},"2":{"name":"(anonymous_2)","decl":{"start":{"line":23,"column":19},"end":{"line":23,"column":20}},"loc":{"start":{"line":23,"column":25},"end":{"line":23,"column":56}},"line":23},"3":{"name":"(anonymous_3)","decl":{"start":{"line":25,"column":12},"end":{"line":25,"column":13}},"loc":{"start":{"line":25,"column":18},"end":{"line":28,"column":3}},"line":25},"4":{"name":"(anonymous_4)","decl":{"start":{"line":30,"column":12},"end":{"line":30,"column":13}},"loc":{"start":{"line":30,"column":18},"end":{"line":39,"column":3}},"line":30},"5":{"name":"(anonymous_5)","decl":{"start":{"line":32,"column":35},"end":{"line":32,"column":36}},"loc":{"start":{"line":32,"column":50},"end":{"line":32,"column":82}},"line":32},"6":{"name":"(anonymous_6)","decl":{"start":{"line":37,"column":14},"end":{"line":37,"column":15}},"loc":{"start":{"line":37,"column":21},"end":{"line":37,"column":40}},"line":37},"7":{"name":"(anonymous_7)","decl":{"start":{"line":37,"column":48},"end":{"line":37,"column":49}},"loc":{"start":{"line":37,"column":54},"end":{"line":37,"column":67}},"line":37},"8":{"name":"(anonymous_8)","decl":{"start":{"line":41,"column":12},"end":{"line":41,"column":13}},"loc":{"start":{"line":41,"column":18},"end":{"line":75,"column":3}},"line":41},"9":{"name":"calculatePromo","decl":{"start":{"line":42,"column":19},"end":{"line":42,"column":33}},"loc":{"start":{"line":42,"column":36},"end":{"line":72,"column":5}},"line":42},"10":{"name":"(anonymous_10)","decl":{"start":{"line":50,"column":37},"end":{"line":50,"column":38}},"loc":{"start":{"line":50,"column":52},"end":{"line":50,"column":84}},"line":50},"11":{"name":"(anonymous_11)","decl":{"start":{"line":63,"column":40},"end":{"line":63,"column":41}},"loc":{"start":{"line":63,"column":45},"end":{"line":63,"column":72}},"line":63},"12":{"name":"(anonymous_12)","decl":{"start":{"line":78,"column":23},"end":{"line":78,"column":24}},"loc":{"start":{"line":79,"column":4},"end":{"line":82,"column":26}},"line":79},"13":{"name":"(anonymous_13)","decl":{"start":{"line":84,"column":27},"end":{"line":84,"column":28}},"loc":{"start":{"line":84,"column":32},"end":{"line":87,"column":3}},"line":84},"14":{"name":"(anonymous_14)","decl":{"start":{"line":89,"column":29},"end":{"line":89,"column":30}},"loc":{"start":{"line":89,"column":36},"end":{"line":91,"column":3}},"line":89},"15":{"name":"(anonymous_15)","decl":{"start":{"line":93,"column":24},"end":{"line":93,"column":25}},"loc":{"start":{"line":93,"column":37},"end":{"line":187,"column":3}},"line":93},"16":{"name":"(anonymous_16)","decl":{"start":{"line":121,"column":43},"end":{"line":121,"column":44}},"loc":{"start":{"line":121,"column":58},"end":{"line":121,"column":90}},"line":121},"17":{"name":"(anonymous_17)","decl":{"start":{"line":135,"column":34},"end":{"line":135,"column":35}},"loc":{"start":{"line":135,"column":43},"end":{"line":139,"column":7}},"line":135},"18":{"name":"(anonymous_18)","decl":{"start":{"line":144,"column":27},"end":{"line":144,"column":28}},"loc":{"start":{"line":144,"column":42},"end":{"line":144,"column":74}},"line":144},"19":{"name":"(anonymous_19)","decl":{"start":{"line":175,"column":17},"end":{"line":175,"column":18}},"loc":{"start":{"line":175,"column":23},"end":{"line":175,"column":49}},"line":175},"20":{"name":"(anonymous_20)","decl":{"start":{"line":192,"column":33},"end":{"line":192,"column":34}},"loc":{"start":{"line":192,"column":48},"end":{"line":192,"column":80}},"line":192},"21":{"name":"(anonymous_21)","decl":{"start":{"line":199,"column":18},"end":{"line":199,"column":19}},"loc":{"start":{"line":200,"column":10},"end":{"line":202,"column":15}},"line":200},"22":{"name":"(anonymous_22)","decl":{"start":{"line":212,"column":24},"end":{"line":212,"column":25}},"loc":{"start":{"line":213,"column":14},"end":{"line":213,"column":99}},"line":213}},"branchMap":{"0":{"loc":{"start":{"line":26,"column":23},"end":{"line":26,"column":67}},"type":"binary-expr","locations":[{"start":{"line":26,"column":23},"end":{"line":26,"column":59}},{"start":{"line":26,"column":63},"end":{"line":26,"column":67}}],"line":26},"1":{"loc":{"start":{"line":27,"column":26},"end":{"line":27,"column":83}},"type":"binary-expr","locations":[{"start":{"line":27,"column":26},"end":{"line":27,"column":73}},{"start":{"line":27,"column":77},"end":{"line":27,"column":83}}],"line":27},"2":{"loc":{"start":{"line":34,"column":4},"end":{"line":38,"column":5}},"type":"if","locations":[{"start":{"line":34,"column":4},"end":{"line":38,"column":5}},{"start":{},"end":{}}],"line":34},"3":{"loc":{"start":{"line":34,"column":8},"end":{"line":34,"column":33}},"type":"binary-expr","locations":[{"start":{"line":34,"column":8},"end":{"line":34,"column":15}},{"start":{"line":34,"column":19},"end":{"line":34,"column":33}}],"line":34},"4":{"loc":{"start":{"line":44,"column":6},"end":{"line":49,"column":7}},"type":"if","locations":[{"start":{"line":44,"column":6},"end":{"line":49,"column":7}},{"start":{},"end":{}}],"line":44},"5":{"loc":{"start":{"line":44,"column":10},"end":{"line":44,"column":39}},"type":"binary-expr","locations":[{"start":{"line":44,"column":10},"end":{"line":44,"column":18}},{"start":{"line":44,"column":22},"end":{"line":44,"column":39}}],"line":44},"6":{"loc":{"start":{"line":57,"column":16},"end":{"line":57,"column":30}},"type":"binary-expr","locations":[{"start":{"line":57,"column":16},"end":{"line":57,"column":22}},{"start":{"line":57,"column":26},"end":{"line":57,"column":30}}],"line":57},"7":{"loc":{"start":{"line":59,"column":20},"end":{"line":59,"column":49}},"type":"binary-expr","locations":[{"start":{"line":59,"column":20},"end":{"line":59,"column":44}},{"start":{"line":59,"column":48},"end":{"line":59,"column":49}}],"line":59},"8":{"loc":{"start":{"line":60,"column":23},"end":{"line":60,"column":59}},"type":"binary-expr","locations":[{"start":{"line":60,"column":23},"end":{"line":60,"column":45}},{"start":{"line":60,"column":49},"end":{"line":60,"column":59}}],"line":60},"9":{"loc":{"start":{"line":62,"column":10},"end":{"line":63,"column":73}},"type":"binary-expr","locations":[{"start":{"line":62,"column":10},"end":{"line":62,"column":34}},{"start":{"line":63,"column":10},"end":{"line":63,"column":73}}],"line":62},"10":{"loc":{"start":{"line":63,"column":45},"end":{"line":63,"column":72}},"type":"binary-expr","locations":[{"start":{"line":63,"column":45},"end":{"line":63,"column":51}},{"start":{"line":63,"column":55},"end":{"line":63,"column":72}}],"line":63},"11":{"loc":{"start":{"line":70,"column":8},"end":{"line":70,"column":62}},"type":"if","locations":[{"start":{"line":70,"column":8},"end":{"line":70,"column":62}},{"start":{},"end":{}}],"line":70},"12":{"loc":{"start":{"line":79,"column":4},"end":{"line":82,"column":26}},"type":"binary-expr","locations":[{"start":{"line":79,"column":4},"end":{"line":79,"column":29}},{"start":{"line":80,"column":4},"end":{"line":80,"column":25}},{"start":{"line":81,"column":4},"end":{"line":81,"column":27}},{"start":{"line":82,"column":4},"end":{"line":82,"column":26}}],"line":79},"13":{"loc":{"start":{"line":96,"column":4},"end":{"line":96,"column":29}},"type":"if","locations":[{"start":{"line":96,"column":4},"end":{"line":96,"column":29}},{"start":{},"end":{}}],"line":96},"14":{"loc":{"start":{"line":99,"column":4},"end":{"line":103,"column":5}},"type":"if","locations":[{"start":{"line":99,"column":4},"end":{"line":103,"column":5}},{"start":{},"end":{}}],"line":99},"15":{"loc":{"start":{"line":104,"column":4},"end":{"line":108,"column":5}},"type":"if","locations":[{"start":{"line":104,"column":4},"end":{"line":108,"column":5}},{"start":{},"end":{}}],"line":104},"16":{"loc":{"start":{"line":112,"column":31},"end":{"line":112,"column":49}},"type":"binary-expr","locations":[{"start":{"line":112,"column":31},"end":{"line":112,"column":42}},{"start":{"line":112,"column":46},"end":{"line":112,"column":49}}],"line":112},"17":{"loc":{"start":{"line":115,"column":25},"end":{"line":115,"column":44}},"type":"binary-expr","locations":[{"start":{"line":115,"column":25},"end":{"line":115,"column":38}},{"start":{"line":115,"column":42},"end":{"line":115,"column":44}}],"line":115},"18":{"loc":{"start":{"line":121,"column":16},"end":{"line":121,"column":94}},"type":"binary-expr","locations":[{"start":{"line":121,"column":16},"end":{"line":121,"column":27}},{"start":{"line":121,"column":31},"end":{"line":121,"column":94}}],"line":121},"19":{"loc":{"start":{"line":123,"column":17},"end":{"line":123,"column":38}},"type":"binary-expr","locations":[{"start":{"line":123,"column":17},"end":{"line":123,"column":32}},{"start":{"line":123,"column":36},"end":{"line":123,"column":38}}],"line":123},"20":{"loc":{"start":{"line":128,"column":6},"end":{"line":132,"column":7}},"type":"if","locations":[{"start":{"line":128,"column":6},"end":{"line":132,"column":7}},{"start":{},"end":{}}],"line":128},"21":{"loc":{"start":{"line":128,"column":10},"end":{"line":128,"column":66}},"type":"binary-expr","locations":[{"start":{"line":128,"column":10},"end":{"line":128,"column":26}},{"start":{"line":128,"column":30},"end":{"line":128,"column":66}}],"line":128},"22":{"loc":{"start":{"line":129,"column":15},"end":{"line":129,"column":87}},"type":"binary-expr","locations":[{"start":{"line":129,"column":15},"end":{"line":129,"column":39}},{"start":{"line":129,"column":43},"end":{"line":129,"column":87}}],"line":129},"23":{"loc":{"start":{"line":145,"column":17},"end":{"line":145,"column":38}},"type":"binary-expr","locations":[{"start":{"line":145,"column":17},"end":{"line":145,"column":32}},{"start":{"line":145,"column":36},"end":{"line":145,"column":38}}],"line":145},"24":{"loc":{"start":{"line":164,"column":6},"end":{"line":172,"column":7}},"type":"if","locations":[{"start":{"line":164,"column":6},"end":{"line":172,"column":7}},{"start":{"line":170,"column":13},"end":{"line":172,"column":7}}],"line":164},"25":{"loc":{"start":{"line":164,"column":10},"end":{"line":164,"column":60}},"type":"binary-expr","locations":[{"start":{"line":164,"column":10},"end":{"line":164,"column":23}},{"start":{"line":164,"column":27},"end":{"line":164,"column":60}}],"line":164},"26":{"loc":{"start":{"line":168,"column":19},"end":{"line":168,"column":40}},"type":"binary-expr","locations":[{"start":{"line":168,"column":19},"end":{"line":168,"column":34}},{"start":{"line":168,"column":38},"end":{"line":168,"column":40}}],"line":168},"27":{"loc":{"start":{"line":171,"column":69},"end":{"line":171,"column":100}},"type":"binary-expr","locations":[{"start":{"line":171,"column":69},"end":{"line":171,"column":91}},{"start":{"line":171,"column":95},"end":{"line":171,"column":100}}],"line":171},"28":{"loc":{"start":{"line":178,"column":6},"end":{"line":180,"column":7}},"type":"if","locations":[{"start":{"line":178,"column":6},"end":{"line":180,"column":7}},{"start":{},"end":{}}],"line":178},"29":{"loc":{"start":{"line":178,"column":10},"end":{"line":178,"column":72}},"type":"binary-expr","locations":[{"start":{"line":178,"column":10},"end":{"line":178,"column":22}},{"start":{"line":178,"column":26},"end":{"line":178,"column":43}},{"start":{"line":178,"column":47},"end":{"line":178,"column":72}}],"line":178},"30":{"loc":{"start":{"line":189,"column":2},"end":{"line":190,"column":87}},"type":"if","locations":[{"start":{"line":189,"column":2},"end":{"line":190,"column":87}},{"start":{},"end":{}}],"line":189},"31":{"loc":{"start":{"line":189,"column":6},"end":{"line":189,"column":30}},"type":"binary-expr","locations":[{"start":{"line":189,"column":6},"end":{"line":189,"column":18}},{"start":{"line":189,"column":22},"end":{"line":189,"column":30}}],"line":189},"32":{"loc":{"start":{"line":208,"column":7},"end":{"line":217,"column":7}},"type":"binary-expr","locations":[{"start":{"line":208,"column":7},"end":{"line":208,"column":24}},{"start":{"line":209,"column":8},"end":{"line":216,"column":14}}],"line":208},"33":{"loc":{"start":{"line":213,"column":54},"end":{"line":213,"column":93}},"type":"binary-expr","locations":[{"start":{"line":213,"column":54},"end":{"line":213,"column":64}},{"start":{"line":213,"column":68},"end":{"line":213,"column":93}}],"line":213},"34":{"loc":{"start":{"line":229,"column":9},"end":{"line":229,"column":104}},"type":"binary-expr","locations":[{"start":{"line":229,"column":9},"end":{"line":229,"column":22}},{"start":{"line":229,"column":26},"end":{"line":229,"column":104}}],"line":229},"35":{"loc":{"start":{"line":235,"column":57},"end":{"line":235,"column":82}},"type":"binary-expr","locations":[{"start":{"line":235,"column":57},"end":{"line":235,"column":68}},{"start":{"line":235,"column":72},"end":{"line":235,"column":82}}],"line":235},"36":{"loc":{"start":{"line":289,"column":11},"end":{"line":289,"column":63}},"type":"cond-expr","locations":[{"start":{"line":289,"column":26},"end":{"line":289,"column":41}},{"start":{"line":289,"column":44},"end":{"line":289,"column":63}}],"line":289},"37":{"loc":{"start":{"line":291,"column":9},"end":{"line":291,"column":104}},"type":"binary-expr","locations":[{"start":{"line":291,"column":9},"end":{"line":291,"column":12}},{"start":{"line":291,"column":16},"end":{"line":291,"column":104}}],"line":291},"38":{"loc":{"start":{"line":291,"column":37},"end":{"line":291,"column":74}},"type":"cond-expr","locations":[{"start":{"line":291,"column":59},"end":{"line":291,"column":64}},{"start":{"line":291,"column":67},"end":{"line":291,"column":74}}],"line":291}},"s":{"0":0,"1":0,"2":0,"3":0,"4":0,"5":0,"6":0,"7":0,"8":0,"9":0,"10":0,"11":0,"12":0,"13":0,"14":0,"15":0,"16":0,"17":0,"18":0,"19":0,"20":0,"21":0,"22":0,"23":0,"24":0,"25":0,"26":0,"27":0,"28":0,"29":0,"30":0,"31":0,"32":0,"33":0,"34":0,"35":0,"36":0,"37":0,"38":0,"39":0,"40":0,"41":0,"42":0,"43":0,"44":0,"45":0,"46":0,"47":0,"48":0,"49":0,"50":0,"51":0,"52":0,"53":0,"54":0,"55":0,"56":0,"57":0,"58":0,"59":0,"60":0,"61":0,"62":0,"63":0,"64":0,"65":0,"66":0,"67":0,"68":0,"69":0,"70":0,"71":0,"72":0,"73":0,"74":0,"75":0,"76":0,"77":0,"78":0,"79":0,"80":0,"81":0,"82":0,"83":0,"84":0,"85":0,"86":0,"87":0,"88":0,"89":0,"90":0,"91":0,"92":0,"93":0,"94":0,"95":0,"96":0,"97":0,"98":0,"99":0,"100":0,"101":0,"102":0,"103":0,"104":0,"105":0,"106":0,"107":0,"108":0,"109":0,"110":0,"111":0,"112":0},"f":{"0":0,"1":0,"2":0,"3":0,"4":0,"5":0,"6":0,"7":0,"8":0,"9":0,"10":0,"11":0,"12":0,"13":0,"14":0,"15":0,"16":0,"17":0,"18":0,"19":0,"20":0,"21":0,"22":0},"b":{"0":[0,0],"1":[0,0],"2":[0,0],"3":[0,0],"4":[0,0],"5":[0,0],"6":[0,0],"7":[0,0],"8":[0,0],"9":[0,0],"10":[0,0],"11":[0,0],"12":[0,0,0,0],"13":[0,0],"14":[0,0],"15":[0,0],"16":[0,0],"17":[0,0],"18":[0,0],"19":[0,0],"20":[0,0],"21":[0,0],"22":[0,0],"23":[0,0],"24":[0,0],"25":[0,0],"26":[0,0],"27":[0,0],"28":[0,0],"29":[0,0,0],"30":[0,0],"31":[0,0],"32":[0,0],"33":[0,0],"34":[0,0],"35":[0,0],"36":[0,0],"37":[0,0],"38":[0,0]}}
,"G:\\UshaSree Project 1.0\\App Code\\frontend\\src\\pages\\ProductDetails.js": {"path":"G:\\UshaSree Project 1.0\\App Code\\frontend\\src\\pages\\ProductDetails.js","statementMap":{"0":{"start":{"line":6,"column":17},"end":{"line":6,"column":51}},"1":{"start":{"line":9,"column":17},"end":{"line":9,"column":28}},"2":{"start":{"line":10,"column":32},"end":{"line":10,"column":46}},"3":{"start":{"line":11,"column":28},"end":{"line":11,"column":43}},"4":{"start":{"line":13,"column":2},"end":{"line":17,"column":11}},"5":{"start":{"line":14,"column":4},"end":{"line":16,"column":37}},"6":{"start":{"line":15,"column":19},"end":{"line":15,"column":39}},"7":{"start":{"line":16,"column":19},"end":{"line":16,"column":35}},"8":{"start":{"line":19,"column":26},"end":{"line":30,"column":3}},"9":{"start":{"line":20,"column":15},"end":{"line":20,"column":63}},"10":{"start":{"line":21,"column":16},"end":{"line":21,"column":62}},"11":{"start":{"line":21,"column":39},"end":{"line":21,"column":61}},"12":{"start":{"line":22,"column":4},"end":{"line":26,"column":5}},"13":{"start":{"line":23,"column":6},"end":{"line":23,"column":30}},"14":{"start":{"line":25,"column":6},"end":{"line":25,"column":45}},"15":{"start":{"line":27,"column":4},"end":{"line":27,"column":55}},"16":{"start":{"line":28,"column":4},"end":{"line":28,"column":19}},"17":{"start":{"line":29,"column":4},"end":{"line":29,"column":44}},"18":{"start":{"line":29,"column":21},"end":{"line":29,"column":36}},"19":{"start":{"line":32,"column":2},"end":{"line":32,"column":53}},"20":{"start":{"line":32,"column":16},"end":{"line":32,"column":53}},"21":{"start":{"line":34,"column":2},"end":{"line":43,"column":4}}},"fnMap":{"0":{"name":"ProductDetails","decl":{"start":{"line":8,"column":9},"end":{"line":8,"column":23}},"loc":{"start":{"line":8,"column":26},"end":{"line":44,"column":1}},"line":8},"1":{"name":"(anonymous_1)","decl":{"start":{"line":13,"column":12},"end":{"line":13,"column":13}},"loc":{"start":{"line":13,"column":18},"end":{"line":17,"column":3}},"line":13},"2":{"name":"(anonymous_2)","decl":{"start":{"line":15,"column":12},"end":{"line":15,"column":13}},"loc":{"start":{"line":15,"column":19},"end":{"line":15,"column":39}},"line":15},"3":{"name":"(anonymous_3)","decl":{"start":{"line":16,"column":13},"end":{"line":16,"column":14}},"loc":{"start":{"line":16,"column":19},"end":{"line":16,"column":35}},"line":16},"4":{"name":"(anonymous_4)","decl":{"start":{"line":19,"column":26},"end":{"line":19,"column":27}},"loc":{"start":{"line":19,"column":32},"end":{"line":30,"column":3}},"line":19},"5":{"name":"(anonymous_5)","decl":{"start":{"line":21,"column":31},"end":{"line":21,"column":32}},"loc":{"start":{"line":21,"column":39},"end":{"line":21,"column":61}},"line":21},"6":{"name":"(anonymous_6)","decl":{"start":{"line":29,"column":15},"end":{"line":29,"column":16}},"loc":{"start":{"line":29,"column":21},"end":{"line":29,"column":36}},"line":29}},"branchMap":{"0":{"loc":{"start":{"line":20,"column":26},"end":{"line":20,"column":62}},"type":"binary-expr","locations":[{"start":{"line":20,"column":26},"end":{"line":20,"column":54}},{"start":{"line":20,"column":58},"end":{"line":20,"column":62}}],"line":20},"1":{"loc":{"start":{"line":22,"column":4},"end":{"line":26,"column":5}},"type":"if","locations":[{"start":{"line":22,"column":4},"end":{"line":26,"column":5}},{"start":{"line":24,"column":11},"end":{"line":26,"column":5}}],"line":22},"2":{"loc":{"start":{"line":32,"column":2},"end":{"line":32,"column":53}},"type":"if","locations":[{"start":{"line":32,"column":2},"end":{"line":32,"column":53}},{"start":{},"end":{}}],"line":32},"3":{"loc":{"start":{"line":41,"column":7},"end":{"line":41,"column":83}},"type":"binary-expr","locations":[{"start":{"line":41,"column":7},"end":{"line":41,"column":12}},{"start":{"line":41,"column":16},"end":{"line":41,"column":83}}],"line":41}},"s":{"0":0,"1":0,"2":0,"3":0,"4":0,"5":0,"6":0,"7":0,"8":0,"9":0,"10":0,"11":0,"12":0,"13":0,"14":0,"15":0,"16":0,"17":0,"18":0,"19":0,"20":0,"21":0},"f":{"0":0,"1":0,"2":0,"3":0,"4":0,"5":0,"6":0},"b":{"0":[0,0],"1":[0,0],"2":[0,0],"3":[0,0]}}
,"G:\\UshaSree Project 1.0\\App Code\\frontend\\src\\pages\\Profile.js": {"path":"G:\\UshaSree Project 1.0\\App Code\\frontend\\src\\pages\\Profile.js","statementMap":{"0":{"start":{"line":4,"column":19},"end":{"line":4,"column":61}},"1":{"start":{"line":5,"column":16},"end":{"line":5,"column":73}},"2":{"start":{"line":7,"column":2},"end":{"line":20,"column":4}}},"fnMap":{"0":{"name":"Profile","decl":{"start":{"line":3,"column":9},"end":{"line":3,"column":16}},"loc":{"start":{"line":3,"column":19},"end":{"line":21,"column":1}},"line":3}},"branchMap":{"0":{"loc":{"start":{"line":4,"column":19},"end":{"line":4,"column":61}},"type":"binary-expr","locations":[{"start":{"line":4,"column":19},"end":{"line":4,"column":51}},{"start":{"line":4,"column":55},"end":{"line":4,"column":61}}],"line":4},"1":{"loc":{"start":{"line":5,"column":16},"end":{"line":5,"column":73}},"type":"binary-expr","locations":[{"start":{"line":5,"column":16},"end":{"line":5,"column":45}},{"start":{"line":5,"column":49},"end":{"line":5,"column":73}}],"line":5}},"s":{"0":0,"1":0,"2":0},"f":{"0":0},"b":{"0":[0,0],"1":[0,0]}}
,"G:\\UshaSree Project 1.0\\App Code\\frontend\\src\\pages\\Signup.js": {"path":"G:\\UshaSree Project 1.0\\App Code\\frontend\\src\\pages\\Signup.js","statementMap":{"0":{"start":{"line":5,"column":17},"end":{"line":5,"column":51}},"1":{"start":{"line":8,"column":26},"end":{"line":8,"column":38}},"2":{"start":{"line":9,"column":28},"end":{"line":9,"column":40}},"3":{"start":{"line":10,"column":34},"end":{"line":10,"column":46}},"4":{"start":{"line":11,"column":24},"end":{"line":11,"column":36}},"5":{"start":{"line":12,"column":19},"end":{"line":12,"column":32}},"6":{"start":{"line":14,"column":23},"end":{"line":37,"column":3}},"7":{"start":{"line":15,"column":4},"end":{"line":15,"column":23}},"8":{"start":{"line":16,"column":4},"end":{"line":16,"column":15}},"9":{"start":{"line":17,"column":4},"end":{"line":36,"column":5}},"10":{"start":{"line":18,"column":6},"end":{"line":18,"column":77}},"11":{"start":{"line":21,"column":18},"end":{"line":21,"column":81}},"12":{"start":{"line":22,"column":6},"end":{"line":22,"column":54}},"13":{"start":{"line":23,"column":6},"end":{"line":23,"column":60}},"14":{"start":{"line":24,"column":6},"end":{"line":24,"column":58}},"15":{"start":{"line":25,"column":6},"end":{"line":25,"column":59}},"16":{"start":{"line":26,"column":24},"end":{"line":26,"column":50}},"17":{"start":{"line":27,"column":6},"end":{"line":27,"column":53}},"18":{"start":{"line":30,"column":6},"end":{"line":30,"column":43}},"19":{"start":{"line":32,"column":6},"end":{"line":32,"column":53}},"20":{"start":{"line":33,"column":6},"end":{"line":33,"column":44}},"21":{"start":{"line":33,"column":23},"end":{"line":33,"column":36}},"22":{"start":{"line":35,"column":6},"end":{"line":35,"column":73}},"23":{"start":{"line":39,"column":2},"end":{"line":73,"column":4}},"24":{"start":{"line":47,"column":23},"end":{"line":47,"column":46}},"25":{"start":{"line":54,"column":23},"end":{"line":54,"column":47}},"26":{"start":{"line":61,"column":23},"end":{"line":61,"column":50}}},"fnMap":{"0":{"name":"Signup","decl":{"start":{"line":7,"column":9},"end":{"line":7,"column":15}},"loc":{"start":{"line":7,"column":18},"end":{"line":74,"column":1}},"line":7},"1":{"name":"(anonymous_1)","decl":{"start":{"line":14,"column":23},"end":{"line":14,"column":24}},"loc":{"start":{"line":14,"column":36},"end":{"line":37,"column":3}},"line":14},"2":{"name":"(anonymous_2)","decl":{"start":{"line":33,"column":17},"end":{"line":33,"column":18}},"loc":{"start":{"line":33,"column":23},"end":{"line":33,"column":36}},"line":33},"3":{"name":"(anonymous_3)","decl":{"start":{"line":47,"column":18},"end":{"line":47,"column":19}},"loc":{"start":{"line":47,"column":23},"end":{"line":47,"column":46}},"line":47},"4":{"name":"(anonymous_4)","decl":{"start":{"line":54,"column":18},"end":{"line":54,"column":19}},"loc":{"start":{"line":54,"column":23},"end":{"line":54,"column":47}},"line":54},"5":{"name":"(anonymous_5)","decl":{"start":{"line":61,"column":18},"end":{"line":61,"column":19}},"loc":{"start":{"line":61,"column":23},"end":{"line":61,"column":50}},"line":61}},"branchMap":{"0":{"loc":{"start":{"line":35,"column":13},"end":{"line":35,"column":71}},"type":"binary-expr","locations":[{"start":{"line":35,"column":13},"end":{"line":35,"column":40}},{"start":{"line":35,"column":44},"end":{"line":35,"column":71}}],"line":35},"1":{"loc":{"start":{"line":64,"column":7},"end":{"line":68,"column":7}},"type":"binary-expr","locations":[{"start":{"line":64,"column":7},"end":{"line":64,"column":10}},{"start":{"line":65,"column":8},"end":{"line":67,"column":14}}],"line":64},"2":{"loc":{"start":{"line":65,"column":29},"end":{"line":65,"column":82}},"type":"cond-expr","locations":[{"start":{"line":65,"column":67},"end":{"line":65,"column":74}},{"start":{"line":65,"column":77},"end":{"line":65,"column":82}}],"line":65}},"s":{"0":0,"1":0,"2":0,"3":0,"4":0,"5":0,"6":0,"7":0,"8":0,"9":0,"10":0,"11":0,"12":0,"13":0,"14":0,"15":0,"16":0,"17":0,"18":0,"19":0,"20":0,"21":0,"22":0,"23":0,"24":0,"25":0,"26":0},"f":{"0":0,"1":0,"2":0,"3":0,"4":0,"5":0},"b":{"0":[0,0],"1":[0,0],"2":[0,0]}}
}
