TN:
SF:src\App.js
FN:17,ExpiryGuard
FN:21,(anonymous_1)
FN:25,(anonymous_2)
FN:34,App
FNF:4
FNH:0
FNDA:0,ExpiryGuard
FNDA:0,(anonymous_1)
FNDA:0,(anonymous_2)
FNDA:0,App
DA:18,0
DA:19,0
DA:21,0
DA:22,0
DA:23,0
DA:25,0
DA:26,0
DA:27,0
DA:31,0
DA:35,0
DA:37,0
LF:11
LH:0
BRDA:23,0,0,0
BRDA:23,0,1,0
BRDA:23,1,0,0
BRDA:23,1,1,0
BRF:4
BRH:0
end_of_record
TN:
SF:src\index.js
FNF:0
FNH:0
DA:6,0
DA:7,0
LF:2
LH:0
BRF:0
BRH:0
end_of_record
TN:
SF:src\components\CartItem.js
FN:3,CartItem
FN:12,(anonymous_1)
FN:14,(anonymous_2)
FN:15,(anonymous_3)
FNF:4
FNH:0
FNDA:0,CartItem
FNDA:0,(anonymous_1)
FNDA:0,(anonymous_2)
FNDA:0,(anonymous_3)
DA:4,0
DA:12,0
DA:14,0
DA:15,0
LF:4
LH:0
BRF:0
BRH:0
end_of_record
TN:
SF:src\components\Header.js
FN:8,Header
FN:16,(anonymous_1)
FN:17,(anonymous_2)
FN:20,(anonymous_3)
FN:26,(anonymous_4)
FN:32,(anonymous_5)
FNF:6
FNH:0
FNDA:0,Header
FNDA:0,(anonymous_1)
FNDA:0,(anonymous_2)
FNDA:0,(anonymous_3)
FNDA:0,(anonymous_4)
FNDA:0,(anonymous_5)
DA:5,0
DA:9,0
DA:10,0
DA:11,0
DA:12,0
DA:13,0
DA:16,0
DA:17,0
DA:18,0
DA:20,0
DA:21,0
DA:23,0
DA:24,0
DA:25,0
DA:26,0
DA:27,0
DA:28,0
DA:32,0
DA:34,0
DA:35,0
DA:36,0
DA:37,0
DA:40,0
DA:41,0
DA:44,0
DA:45,0
DA:46,0
DA:48,0
DA:50,0
DA:53,0
LF:30
LH:0
BRDA:11,0,0,0
BRDA:11,0,1,0
BRDA:18,1,0,0
BRDA:18,1,1,0
BRDA:20,2,0,0
BRDA:20,2,1,0
BRDA:40,3,0,0
BRDA:40,3,1,0
BRDA:69,4,0,0
BRDA:69,4,1,0
BRDA:91,5,0,0
BRDA:91,5,1,0
BRF:12
BRH:0
end_of_record
TN:
SF:src\components\ProductCard.js
FN:4,ProductCard
FN:7,(anonymous_1)
FN:10,(anonymous_2)
FNF:3
FNH:0
FNDA:0,ProductCard
FNDA:0,(anonymous_1)
FNDA:0,(anonymous_2)
DA:5,0
DA:7,0
DA:8,0
DA:9,0
DA:10,0
DA:13,0
LF:6
LH:0
BRDA:23,0,0,0
BRDA:23,0,1,0
BRF:2
BRH:0
end_of_record
TN:
SF:src\components\ProtectedRoute.js
FN:4,ProtectedRoute
FNF:1
FNH:0
FNDA:0,ProtectedRoute
DA:6,0
DA:7,0
LF:2
LH:0
BRDA:7,0,0,0
BRDA:7,0,1,0
BRF:2
BRH:0
end_of_record
TN:
SF:src\pages\Cart.js
FN:8,Cart
FN:14,(anonymous_1)
FN:17,(anonymous_2)
FN:22,(anonymous_3)
FN:23,(anonymous_4)
FN:29,(anonymous_5)
FN:31,(anonymous_6)
FN:37,(anonymous_7)
FN:38,(anonymous_8)
FN:44,(anonymous_9)
FN:51,(anonymous_10)
FN:74,(anonymous_11)
FN:84,(anonymous_12)
FNF:13
FNH:0
FNDA:0,Cart
FNDA:0,(anonymous_1)
FNDA:0,(anonymous_2)
FNDA:0,(anonymous_3)
FNDA:0,(anonymous_4)
FNDA:0,(anonymous_5)
FNDA:0,(anonymous_6)
FNDA:0,(anonymous_7)
FNDA:0,(anonymous_8)
FNDA:0,(anonymous_9)
FNDA:0,(anonymous_10)
FNDA:0,(anonymous_11)
FNDA:0,(anonymous_12)
DA:6,0
DA:9,0
DA:10,0
DA:11,0
DA:14,0
DA:15,0
DA:16,0
DA:17,0
DA:18,0
DA:22,0
DA:23,0
DA:25,0
DA:29,0
DA:30,0
DA:31,0
DA:32,0
DA:33,0
DA:34,0
DA:37,0
DA:38,0
DA:39,0
DA:40,0
DA:41,0
DA:44,0
DA:46,0
DA:48,0
DA:52,0
DA:75,0
DA:85,0
DA:86,0
LF:30
LH:0
BRDA:9,0,0,0
BRDA:9,0,1,0
BRDA:16,1,0,0
BRDA:16,1,1,0
BRDA:16,2,0,0
BRDA:16,2,1,0
BRDA:30,3,0,0
BRDA:30,3,1,0
BRDA:31,4,0,0
BRDA:31,4,1,0
BRDA:46,5,0,0
BRDA:46,5,1,0
BRDA:62,6,0,0
BRDA:62,6,1,0
BRF:14
BRH:0
end_of_record
TN:
SF:src\pages\Checkout.js
FN:7,Checkout
FN:15,(anonymous_1)
FN:29,(anonymous_2)
FN:34,(anonymous_3)
FN:41,(anonymous_4)
FN:43,(anonymous_5)
FN:52,(anonymous_6)
FN:53,(anonymous_7)
FN:59,(anonymous_8)
FN:62,(anonymous_9)
FN:63,(anonymous_10)
FN:64,(anonymous_11)
FN:68,(anonymous_12)
FN:77,(anonymous_13)
FN:81,(anonymous_14)
FN:88,(anonymous_15)
FN:104,(anonymous_16)
FN:135,(anonymous_17)
FN:147,(anonymous_18)
FN:160,(anonymous_19)
FN:171,(anonymous_20)
FN:181,(anonymous_21)
FN:186,(anonymous_22)
FN:193,(anonymous_23)
FN:205,(anonymous_24)
FN:213,(anonymous_25)
FN:221,(anonymous_26)
FN:228,(anonymous_27)
FN:238,(anonymous_28)
FNF:29
FNH:0
FNDA:0,Checkout
FNDA:0,(anonymous_1)
FNDA:0,(anonymous_2)
FNDA:0,(anonymous_3)
FNDA:0,(anonymous_4)
FNDA:0,(anonymous_5)
FNDA:0,(anonymous_6)
FNDA:0,(anonymous_7)
FNDA:0,(anonymous_8)
FNDA:0,(anonymous_9)
FNDA:0,(anonymous_10)
FNDA:0,(anonymous_11)
FNDA:0,(anonymous_12)
FNDA:0,(anonymous_13)
FNDA:0,(anonymous_14)
FNDA:0,(anonymous_15)
FNDA:0,(anonymous_16)
FNDA:0,(anonymous_17)
FNDA:0,(anonymous_18)
FNDA:0,(anonymous_19)
FNDA:0,(anonymous_20)
FNDA:0,(anonymous_21)
FNDA:0,(anonymous_22)
FNDA:0,(anonymous_23)
FNDA:0,(anonymous_24)
FNDA:0,(anonymous_25)
FNDA:0,(anonymous_26)
FNDA:0,(anonymous_27)
FNDA:0,(anonymous_28)
DA:5,0
DA:8,0
DA:9,0
DA:11,0
DA:12,0
DA:13,0
DA:14,0
DA:15,0
DA:16,0
DA:18,0
DA:19,0
DA:20,0
DA:26,0
DA:27,0
DA:29,0
DA:30,0
DA:34,0
DA:35,0
DA:36,0
DA:37,0
DA:41,0
DA:42,0
DA:43,0
DA:44,0
DA:52,0
DA:53,0
DA:55,0
DA:59,0
DA:62,0
DA:63,0
DA:64,0
DA:65,0
DA:68,0
DA:69,0
DA:70,0
DA:78,0
DA:79,0
DA:82,0
DA:83,0
DA:88,0
DA:89,0
DA:90,0
DA:91,0
DA:92,0
DA:93,0
DA:94,0
DA:95,0
DA:96,0
DA:97,0
DA:98,0
DA:99,0
DA:100,0
DA:101,0
DA:104,0
DA:105,0
DA:106,0
DA:107,0
DA:109,0
DA:110,0
DA:111,0
DA:112,0
DA:114,0
DA:115,0
DA:116,0
DA:118,0
DA:119,0
DA:120,0
DA:122,0
DA:123,0
DA:124,0
DA:127,0
DA:128,0
DA:130,0
DA:136,0
DA:148,0
DA:160,0
DA:172,0
DA:181,0
DA:186,0
DA:193,0
DA:205,0
DA:213,0
DA:221,0
DA:228,0
DA:238,0
LF:85
LH:0
BRDA:9,0,0,0
BRDA:9,0,1,0
BRDA:16,1,0,0
BRDA:16,1,1,0
BRDA:30,2,0,0
BRDA:30,2,1,0
BRDA:35,3,0,0
BRDA:35,3,1,0
BRDA:42,4,0,0
BRDA:42,4,1,0
BRDA:42,5,0,0
BRDA:42,5,1,0
BRDA:65,6,0,0
BRDA:65,6,1,0
BRDA:65,6,2,0
BRDA:65,6,3,0
BRDA:89,7,0,0
BRDA:89,7,1,0
BRDA:91,8,0,0
BRDA:91,8,1,0
BRDA:93,9,0,0
BRDA:93,9,1,0
BRDA:105,10,0,0
BRDA:105,10,1,0
BRDA:110,11,0,0
BRDA:110,11,1,0
BRDA:114,12,0,0
BRDA:114,12,1,0
BRDA:118,13,0,0
BRDA:118,13,1,0
BRDA:123,14,0,0
BRDA:123,14,1,0
BRDA:127,15,0,0
BRDA:127,15,1,0
BRDA:143,16,0,0
BRDA:143,16,1,0
BRDA:165,17,0,0
BRDA:165,17,1,0
BRDA:169,18,0,0
BRDA:169,18,1,0
BRDA:169,18,2,0
BRDA:175,19,0,0
BRDA:175,19,1,0
BRDA:199,20,0,0
BRDA:199,20,1,0
BRDA:199,20,2,0
BRDA:237,21,0,0
BRDA:237,21,1,0
BRDA:245,22,0,0
BRDA:245,22,1,0
BRDA:245,22,2,0
BRDA:255,23,0,0
BRDA:255,23,1,0
BRDA:255,24,0,0
BRDA:255,24,1,0
BRF:55
BRH:0
end_of_record
TN:
SF:src\pages\Home.js
FN:8,Home
FN:16,(anonymous_1)
FN:18,(anonymous_2)
FN:19,(anonymous_3)
FN:23,(anonymous_4)
FN:25,(anonymous_5)
FN:34,(anonymous_6)
FN:38,(anonymous_7)
FN:43,(anonymous_8)
FN:48,(anonymous_9)
FN:62,(anonymous_10)
FN:72,(anonymous_11)
FN:104,(anonymous_12)
FN:124,(anonymous_13)
FN:144,(anonymous_14)
FNF:15
FNH:0
FNDA:0,Home
FNDA:0,(anonymous_1)
FNDA:0,(anonymous_2)
FNDA:0,(anonymous_3)
FNDA:0,(anonymous_4)
FNDA:0,(anonymous_5)
FNDA:0,(anonymous_6)
FNDA:0,(anonymous_7)
FNDA:0,(anonymous_8)
FNDA:0,(anonymous_9)
FNDA:0,(anonymous_10)
FNDA:0,(anonymous_11)
FNDA:0,(anonymous_12)
FNDA:0,(anonymous_13)
FNDA:0,(anonymous_14)
DA:6,0
DA:9,0
DA:10,0
DA:11,0
DA:12,0
DA:13,0
DA:14,0
DA:16,0
DA:17,0
DA:18,0
DA:19,0
DA:23,0
DA:24,0
DA:25,0
DA:26,0
DA:27,0
DA:29,0
DA:31,0
DA:32,0
DA:33,0
DA:34,0
DA:38,0
DA:39,0
DA:43,0
DA:44,0
DA:45,0
DA:48,0
DA:49,0
DA:50,0
DA:51,0
DA:52,0
DA:56,0
DA:58,0
DA:60,0
DA:61,0
DA:62,0
DA:65,0
DA:72,0
DA:105,0
DA:124,0
DA:144,0
LF:41
LH:0
BRDA:24,0,0,0
BRDA:24,0,1,0
BRDA:26,1,0,0
BRDA:26,1,1,0
BRDA:39,2,0,0
BRDA:39,2,1,0
BRDA:39,2,2,0
BRDA:81,3,0,0
BRDA:81,3,1,0
BRDA:84,4,0,0
BRDA:84,4,1,0
BRDA:115,5,0,0
BRDA:115,5,1,0
BRDA:160,6,0,0
BRDA:160,6,1,0
BRF:15
BRH:0
end_of_record
TN:
SF:src\pages\Login.js
FN:7,Login
FN:13,(anonymous_1)
FN:29,(anonymous_2)
FN:43,(anonymous_3)
FN:50,(anonymous_4)
FNF:5
FNH:0
FNDA:0,Login
FNDA:0,(anonymous_1)
FNDA:0,(anonymous_2)
FNDA:0,(anonymous_3)
FNDA:0,(anonymous_4)
DA:5,0
DA:8,0
DA:9,0
DA:10,0
DA:11,0
DA:13,0
DA:14,0
DA:15,0
DA:16,0
DA:17,0
DA:18,0
DA:19,0
DA:20,0
DA:21,0
DA:22,0
DA:23,0
DA:26,0
DA:28,0
DA:29,0
DA:31,0
DA:35,0
DA:43,0
DA:50,0
LF:23
LH:0
BRDA:53,0,0,0
BRDA:53,0,1,0
BRDA:53,1,0,0
BRDA:53,1,1,0
BRF:4
BRH:0
end_of_record
TN:
SF:src\pages\OrderSummary.js
FN:4,OrderSummary
FN:52,(anonymous_1)
FN:64,(anonymous_2)
FNF:3
FNH:0
FNDA:0,OrderSummary
FNDA:0,(anonymous_1)
FNDA:0,(anonymous_2)
DA:5,0
DA:7,0
DA:8,0
DA:15,0
DA:16,0
DA:17,0
DA:18,0
DA:19,0
DA:23,0
DA:26,0
DA:53,0
DA:65,0
LF:12
LH:0
BRDA:5,0,0,0
BRDA:5,0,1,0
BRDA:7,1,0,0
BRDA:7,1,1,0
BRDA:7,2,0,0
BRDA:7,2,1,0
BRDA:7,2,2,0
BRDA:15,3,0,0
BRDA:15,3,1,0
BRDA:16,4,0,0
BRDA:16,4,1,0
BRDA:19,5,0,0
BRDA:19,5,1,0
BRDA:21,6,0,0
BRDA:21,6,1,0
BRDA:34,7,0,0
BRDA:34,7,1,0
BRDA:34,7,2,0
BRDA:38,8,0,0
BRDA:38,8,1,0
BRDA:44,9,0,0
BRDA:44,9,1,0
BRDA:44,9,2,0
BRDA:48,10,0,0
BRDA:48,10,1,0
BRDA:55,11,0,0
BRDA:55,11,1,0
BRDA:66,12,0,0
BRDA:66,12,1,0
BRF:29
BRH:0
end_of_record
TN:
SF:src\pages\Orders.js
FN:8,Orders
FN:13,(anonymous_1)
FN:27,(anonymous_2)
FN:38,(anonymous_3)
FN:39,(anonymous_4)
FN:48,(anonymous_5)
FN:56,(anonymous_6)
FNF:7
FNH:0
FNDA:0,Orders
FNDA:0,(anonymous_1)
FNDA:0,(anonymous_2)
FNDA:0,(anonymous_3)
FNDA:0,(anonymous_4)
FNDA:0,(anonymous_5)
FNDA:0,(anonymous_6)
DA:6,0
DA:9,0
DA:10,0
DA:11,0
DA:13,0
DA:15,0
DA:16,0
DA:18,0
DA:19,0
DA:20,0
DA:23,0
DA:29,0
DA:30,0
DA:31,0
DA:32,0
DA:33,0
DA:35,0
DA:38,0
DA:39,0
DA:42,0
DA:43,0
DA:45,0
DA:49,0
DA:57,0
LF:24
LH:0
BRDA:18,0,0,0
BRDA:18,0,1,0
BRDA:18,1,0,0
BRDA:18,1,1,0
BRDA:30,2,0,0
BRDA:30,2,1,0
BRDA:32,3,0,0
BRDA:32,3,1,0
BRDA:32,4,0,0
BRDA:32,4,1,0
BRDA:42,5,0,0
BRDA:42,5,1,0
BRDA:43,6,0,0
BRDA:43,6,1,0
BRDA:49,7,0,0
BRDA:49,7,1,0
BRDA:52,8,0,0
BRDA:52,8,1,0
BRDA:56,9,0,0
BRDA:56,9,1,0
BRDA:59,10,0,0
BRDA:59,10,1,0
BRDA:64,11,0,0
BRDA:64,11,1,0
BRDA:67,12,0,0
BRDA:67,12,1,0
BRDA:68,13,0,0
BRDA:68,13,1,0
BRF:28
BRH:0
end_of_record
TN:
SF:src\pages\Payment.js
FN:7,Payment
FN:22,(anonymous_1)
FN:23,(anonymous_2)
FN:25,(anonymous_3)
FN:30,(anonymous_4)
FN:32,(anonymous_5)
FN:37,(anonymous_6)
FN:37,(anonymous_7)
FN:41,(anonymous_8)
FN:42,calculatePromo
FN:50,(anonymous_10)
FN:63,(anonymous_11)
FN:78,(anonymous_12)
FN:84,(anonymous_13)
FN:89,(anonymous_14)
FN:93,(anonymous_15)
FN:121,(anonymous_16)
FN:135,(anonymous_17)
FN:144,(anonymous_18)
FN:175,(anonymous_19)
FN:192,(anonymous_20)
FN:199,(anonymous_21)
FN:212,(anonymous_22)
FNF:23
FNH:0
FNDA:0,Payment
FNDA:0,(anonymous_1)
FNDA:0,(anonymous_2)
FNDA:0,(anonymous_3)
FNDA:0,(anonymous_4)
FNDA:0,(anonymous_5)
FNDA:0,(anonymous_6)
FNDA:0,(anonymous_7)
FNDA:0,(anonymous_8)
FNDA:0,calculatePromo
FNDA:0,(anonymous_10)
FNDA:0,(anonymous_11)
FNDA:0,(anonymous_12)
FNDA:0,(anonymous_13)
FNDA:0,(anonymous_14)
FNDA:0,(anonymous_15)
FNDA:0,(anonymous_16)
FNDA:0,(anonymous_17)
FNDA:0,(anonymous_18)
FNDA:0,(anonymous_19)
FNDA:0,(anonymous_20)
FNDA:0,(anonymous_21)
FNDA:0,(anonymous_22)
DA:5,0
DA:8,0
DA:9,0
DA:10,0
DA:11,0
DA:12,0
DA:13,0
DA:14,0
DA:15,0
DA:16,0
DA:17,0
DA:19,0
DA:22,0
DA:23,0
DA:25,0
DA:26,0
DA:27,0
DA:30,0
DA:31,0
DA:32,0
DA:33,0
DA:34,0
DA:35,0
DA:37,0
DA:41,0
DA:43,0
DA:44,0
DA:45,0
DA:46,0
DA:47,0
DA:48,0
DA:50,0
DA:51,0
DA:52,0
DA:53,0
DA:59,0
DA:60,0
DA:61,0
DA:63,0
DA:65,0
DA:67,0
DA:68,0
DA:69,0
DA:70,0
DA:73,0
DA:78,0
DA:79,0
DA:84,0
DA:85,0
DA:86,0
DA:89,0
DA:90,0
DA:93,0
DA:94,0
DA:95,0
DA:96,0
DA:97,0
DA:99,0
DA:100,0
DA:101,0
DA:102,0
DA:104,0
DA:105,0
DA:106,0
DA:107,0
DA:110,0
DA:111,0
DA:112,0
DA:115,0
DA:118,0
DA:121,0
DA:126,0
DA:128,0
DA:129,0
DA:130,0
DA:131,0
DA:135,0
DA:141,0
DA:144,0
DA:153,0
DA:159,0
DA:160,0
DA:161,0
DA:162,0
DA:164,0
DA:165,0
DA:171,0
DA:174,0
DA:175,0
DA:177,0
DA:178,0
DA:179,0
DA:181,0
DA:182,0
DA:183,0
DA:184,0
DA:186,0
DA:189,0
DA:190,0
DA:192,0
DA:194,0
DA:200,0
DA:213,0
LF:103
LH:0
BRDA:26,0,0,0
BRDA:26,0,1,0
BRDA:27,1,0,0
BRDA:27,1,1,0
BRDA:34,2,0,0
BRDA:34,2,1,0
BRDA:34,3,0,0
BRDA:34,3,1,0
BRDA:44,4,0,0
BRDA:44,4,1,0
BRDA:44,5,0,0
BRDA:44,5,1,0
BRDA:57,6,0,0
BRDA:57,6,1,0
BRDA:59,7,0,0
BRDA:59,7,1,0
BRDA:60,8,0,0
BRDA:60,8,1,0
BRDA:62,9,0,0
BRDA:62,9,1,0
BRDA:63,10,0,0
BRDA:63,10,1,0
BRDA:70,11,0,0
BRDA:70,11,1,0
BRDA:79,12,0,0
BRDA:79,12,1,0
BRDA:79,12,2,0
BRDA:79,12,3,0
BRDA:96,13,0,0
BRDA:96,13,1,0
BRDA:99,14,0,0
BRDA:99,14,1,0
BRDA:104,15,0,0
BRDA:104,15,1,0
BRDA:112,16,0,0
BRDA:112,16,1,0
BRDA:115,17,0,0
BRDA:115,17,1,0
BRDA:121,18,0,0
BRDA:121,18,1,0
BRDA:123,19,0,0
BRDA:123,19,1,0
BRDA:128,20,0,0
BRDA:128,20,1,0
BRDA:128,21,0,0
BRDA:128,21,1,0
BRDA:129,22,0,0
BRDA:129,22,1,0
BRDA:145,23,0,0
BRDA:145,23,1,0
BRDA:164,24,0,0
BRDA:164,24,1,0
BRDA:164,25,0,0
BRDA:164,25,1,0
BRDA:168,26,0,0
BRDA:168,26,1,0
BRDA:171,27,0,0
BRDA:171,27,1,0
BRDA:178,28,0,0
BRDA:178,28,1,0
BRDA:178,29,0,0
BRDA:178,29,1,0
BRDA:178,29,2,0
BRDA:189,30,0,0
BRDA:189,30,1,0
BRDA:189,31,0,0
BRDA:189,31,1,0
BRDA:208,32,0,0
BRDA:208,32,1,0
BRDA:213,33,0,0
BRDA:213,33,1,0
BRDA:229,34,0,0
BRDA:229,34,1,0
BRDA:235,35,0,0
BRDA:235,35,1,0
BRDA:289,36,0,0
BRDA:289,36,1,0
BRDA:291,37,0,0
BRDA:291,37,1,0
BRDA:291,38,0,0
BRDA:291,38,1,0
BRF:81
BRH:0
end_of_record
TN:
SF:src\pages\ProductDetails.js
FN:8,ProductDetails
FN:13,(anonymous_1)
FN:15,(anonymous_2)
FN:16,(anonymous_3)
FN:19,(anonymous_4)
FN:21,(anonymous_5)
FN:29,(anonymous_6)
FNF:7
FNH:0
FNDA:0,ProductDetails
FNDA:0,(anonymous_1)
FNDA:0,(anonymous_2)
FNDA:0,(anonymous_3)
FNDA:0,(anonymous_4)
FNDA:0,(anonymous_5)
FNDA:0,(anonymous_6)
DA:6,0
DA:9,0
DA:10,0
DA:11,0
DA:13,0
DA:14,0
DA:15,0
DA:16,0
DA:19,0
DA:20,0
DA:21,0
DA:22,0
DA:23,0
DA:25,0
DA:27,0
DA:28,0
DA:29,0
DA:32,0
DA:34,0
LF:19
LH:0
BRDA:20,0,0,0
BRDA:20,0,1,0
BRDA:22,1,0,0
BRDA:22,1,1,0
BRDA:32,2,0,0
BRDA:32,2,1,0
BRDA:41,3,0,0
BRDA:41,3,1,0
BRF:8
BRH:0
end_of_record
TN:
SF:src\pages\Profile.js
FN:3,Profile
FNF:1
FNH:0
FNDA:0,Profile
DA:4,0
DA:5,0
DA:7,0
LF:3
LH:0
BRDA:4,0,0,0
BRDA:4,0,1,0
BRDA:5,1,0,0
BRDA:5,1,1,0
BRF:4
BRH:0
end_of_record
TN:
SF:src\pages\Signup.js
FN:7,Signup
FN:14,(anonymous_1)
FN:33,(anonymous_2)
FN:47,(anonymous_3)
FN:54,(anonymous_4)
FN:61,(anonymous_5)
FNF:6
FNH:0
FNDA:0,Signup
FNDA:0,(anonymous_1)
FNDA:0,(anonymous_2)
FNDA:0,(anonymous_3)
FNDA:0,(anonymous_4)
FNDA:0,(anonymous_5)
DA:5,0
DA:8,0
DA:9,0
DA:10,0
DA:11,0
DA:12,0
DA:14,0
DA:15,0
DA:16,0
DA:17,0
DA:18,0
DA:21,0
DA:22,0
DA:23,0
DA:24,0
DA:25,0
DA:26,0
DA:27,0
DA:30,0
DA:32,0
DA:33,0
DA:35,0
DA:39,0
DA:47,0
DA:54,0
DA:61,0
LF:26
LH:0
BRDA:35,0,0,0
BRDA:35,0,1,0
BRDA:64,1,0,0
BRDA:64,1,1,0
BRDA:65,2,0,0
BRDA:65,2,1,0
BRF:6
BRH:0
end_of_record
